1626513498605	mozrunner::runner	INFO	Running command: "/Applications/Firefox.app/Contents/MacOS/firefox-bin" "-marionette" "-foreground" "-no-remote" "-profile" "/var/folders/v4/8qqy170d15d1xh0_yw0vwll00000gp/T/rust_mozprofileXo1hvI"
1626513499070	Marionette	INFO	Marionette enabled
console.warn: SearchSettings: "get: No settings file exists, new profile?" (new NotFoundError("Could not open the file at /var/folders/v4/8qqy170d15d1xh0_yw0vwll00000gp/T/rust_mozprofileXo1hvI/search.json.mozlz4", (void 0)))
1626513500889	Marionette	INFO	Listening on port 52964
1626513500997	Marionette	WARN	TLS certificate errors will be ignored for this session
_RegisterApplication(), FAILED TO establish the default connection to the WindowServer, _CGSDefaultConnection() is NULL.
JavaScript error: resource://gre/modules/XULStore.jsm, line 66: Error: Can't find profile directory.
JavaScript error: resource://gre/modules/XULStore.jsm, line 66: Error: Can't find profile directory.
console.warn: LoginRecipes: "getRecipes: falling back to a synchronous message for:" "http://shop-xo.hctestedu.com"
SourceActor threw an exception: [Exception... "Failed to open input source 'javascript:void(function(){document.open();document.write("<!DOCTYPE html><html xmlns='http://www.w3.org/1999/xhtml' class='view' ><head><style type='text/css'>.view{padding:0;word-wrap:break-word;cursor:text;height:90%;}body{margin:8px;font-family:sans-serif;font-size:16px;}p{margin:5px 0;}</style><link rel='stylesheet' type='text/css' href='http://shop-xo.hctestedu.com/static/common/lib/ueditor/themes/iframe.css'/></head><body class='view' ></body><script type='text/javascript'  id='_initialScript'>setTimeout(function(){editor = window.parent.UE.instants['ueditorInstant0'];editor._setup(document);},0);var _tmpScript = document.getElementById('_initialScript');_tmpScript.parentNode.removeChild(_tmpScript);</script></html>");document.close();}())'"  nsresult: "0x80040111 (NS_ERROR_NOT_AVAILABLE)"  location: "JS frame :: resource://devtools/shared/DevToolsUtils.js :: mainThreadFetch/< :: line 670"  data: yes]
Stack: mainThreadFetch/<@resource://devtools/shared/DevToolsUtils.js:670:15
mainThreadFetch@resource://devtools/shared/DevToolsUtils.js:516:10
_fetchURLContents@resource://devtools/server/actors/utils/sources-manager.js:439:22
urlContents@resource://devtools/server/actors/utils/sources-manager.js:406:17
_resurrectSource@resource://devtools/server/actors/thread.js:2156:35
addAllSources@resource://devtools/server/actors/thread.js:1509:14
watch@resource://devtools/server/actors/resources/sources.js:52:17
watchResources@resource://devtools/server/actors/resources/index.js:231:19
_watchTargetResources@resource://devtools/server/actors/targets/target-actor-mixin.js:156:24
addWatcherDataEntry@resource://devtools/server/actors/targets/target-actor-mixin.js:47:20
_addWatcherDataEntry@resource://devtools/server/connectors/js-window-actor/DevToolsFrameChild.jsm:503:24
receiveMessage@resource://devtools/server/connectors/js-window-actor/DevToolsFrameChild.jsm:445:21
Line: 670, column: 0
console.error: ({})
JavaScript error: resource://devtools/shared/DevToolsUtils.js, line 670: NS_ERROR_NOT_AVAILABLE: Failed to open input source 'javascript:void(function(){document.open();document.write("<!DOCTYPE html><html xmlns='http://www.w3.org/1999/xhtml' class='view' ><head><style type='text/css'>.view{padding:0;word-wrap:break-word;cursor:text;height:90%;}body{margin:8px;font-family:sans-serif;font-size:16px;}p{margin:5px 0;}</style><link rel='stylesheet' type='text/css' href='http://shop-xo.hctestedu.com/static/common/lib/ueditor/themes/iframe.css'/></head><body class='view' ></body><script type='text/javascript'  id='_initialScript'>setTimeout(function(){editor = window.parent.UE.instants['ueditorInstant0'];editor._setup(document);},0);var _tmpScript = document.getElementById('_initialScript');_tmpScript.parentNode.removeChild(_tmpScript);</script></html>");document.close();}())'
JavaScript error: resource://devtools/server/actors/network-monitor/network-event-actor.js, line 108: Error: Got a request http://shop-xo.hctestedu.com/static/common/lib/assets/css/amazeui.css?v=20200202 without a browsingContextID set
JavaScript error: resource://devtools/server/actors/network-monitor/network-event-actor.js, line 108: Error: Got a request http://shop-xo.hctestedu.com/static/common/lib/amazeui-switch/amazeui.switch.css?v=20200202 without a browsingContextID set
JavaScript error: resource://devtools/server/actors/network-monitor/network-event-actor.js, line 108: Error: Got a request http://shop-xo.hctestedu.com/static/common/lib/amazeui-chosen/amazeui.chosen.css?v=20200202 without a browsingContextID set
JavaScript error: resource://devtools/server/actors/network-monitor/network-event-actor.js, line 108: Error: Got a request http://shop-xo.hctestedu.com/static/common/lib/cropper/cropper.min.css?v=20200202 without a browsingContextID set
JavaScript error: resource://devtools/server/actors/network-monitor/network-event-actor.js, line 108: Error: Got a request http://shop-xo.hctestedu.com/static/common/lib/amazeui-tagsinput/amazeui.tagsinput.css?v=20200202 without a browsingContextID set
JavaScript error: resource://devtools/server/actors/network-monitor/network-event-actor.js, line 108: Error: Got a request http://shop-xo.hctestedu.com/static/common/css/common.css?v=20200202 without a browsingContextID set
JavaScript error: resource://devtools/server/actors/network-monitor/network-event-actor.js, line 108: Error: Got a request http://shop-xo.hctestedu.com/static/index/default/css/common.css?v=20200202 without a browsingContextID set
JavaScript error: resource://devtools/server/actors/network-monitor/network-event-actor.js, line 108: Error: Got a request http://shop-xo.hctestedu.com/static/index/default/css/index.css?v=20200202 without a browsingContextID set
1626513742902	mozrunner::runner	INFO	Running command: "/Applications/Firefox.app/Contents/MacOS/firefox-bin" "-marionette" "-foreground" "-no-remote" "-profile" "/var/folders/v4/8qqy170d15d1xh0_yw0vwll00000gp/T/rust_mozprofile8kbC4W"
1626513743366	Marionette	INFO	Marionette enabled
console.warn: SearchSettings: "get: No settings file exists, new profile?" (new NotFoundError("Could not open the file at /var/folders/v4/8qqy170d15d1xh0_yw0vwll00000gp/T/rust_mozprofile8kbC4W/search.json.mozlz4", (void 0)))
1626513745311	Marionette	INFO	Listening on port 54151
1626513745393	Marionette	WARN	TLS certificate errors will be ignored for this session
_RegisterApplication(), FAILED TO establish the default connection to the WindowServer, _CGSDefaultConnection() is NULL.
JavaScript error: resource://gre/modules/XULStore.jsm, line 66: Error: Can't find profile directory.
JavaScript error: resource://gre/modules/XULStore.jsm, line 66: Error: Can't find profile directory.
1626513765568	Marionette	INFO	Stopped listening on port 52964

###!!! [Parent][RunMessage] Error: Channel closing: too late to send/recv, messages will be lost

JavaScript error: resource://gre/modules/XULStore.jsm, line 66: Error: Can't find profile directory.
JavaScript error: resource://gre/modules/XULStore.jsm, line 66: Error: Can't find profile directory.
SourceActor threw an exception: [Exception... "Failed to open input source 'javascript:void(function(){document.open();document.write("<!DOCTYPE html><html xmlns='http://www.w3.org/1999/xhtml' class='view' ><head><style type='text/css'>.view{padding:0;word-wrap:break-word;cursor:text;height:90%;}body{margin:8px;font-family:sans-serif;font-size:16px;}p{margin:5px 0;}</style><link rel='stylesheet' type='text/css' href='http://shop-xo.hctestedu.com/static/common/lib/ueditor/themes/iframe.css'/></head><body class='view' ></body><script type='text/javascript'  id='_initialScript'>setTimeout(function(){editor = window.parent.UE.instants['ueditorInstant0'];editor._setup(document);},0);var _tmpScript = document.getElementById('_initialScript');_tmpScript.parentNode.removeChild(_tmpScript);</script></html>");document.close();}())'"  nsresult: "0x80040111 (NS_ERROR_NOT_AVAILABLE)"  location: "JS frame :: resource://devtools/shared/DevToolsUtils.js :: mainThreadFetch/< :: line 670"  data: yes]
Stack: mainThreadFetch/<@resource://devtools/shared/DevToolsUtils.js:670:15
mainThreadFetch@resource://devtools/shared/DevToolsUtils.js:516:10
_fetchURLContents@resource://devtools/server/actors/utils/sources-manager.js:439:22
urlContents@resource://devtools/server/actors/utils/sources-manager.js:406:17
_resurrectSource@resource://devtools/server/actors/thread.js:2156:35
addAllSources@resource://devtools/server/actors/thread.js:1509:14
watch@resource://devtools/server/actors/resources/sources.js:52:17
watchResources@resource://devtools/server/actors/resources/index.js:231:19
_watchTargetResources@resource://devtools/server/actors/targets/target-actor-mixin.js:156:24
addWatcherDataEntry@resource://devtools/server/actors/targets/target-actor-mixin.js:47:20
_addWatcherDataEntry@resource://devtools/server/connectors/js-window-actor/DevToolsFrameChild.jsm:503:24
receiveMessage@resource://devtools/server/connectors/js-window-actor/DevToolsFrameChild.jsm:445:21
Line: 670, column: 0
console.error: ({})
JavaScript error: resource://devtools/shared/DevToolsUtils.js, line 670: NS_ERROR_NOT_AVAILABLE: Failed to open input source 'javascript:void(function(){document.open();document.write("<!DOCTYPE html><html xmlns='http://www.w3.org/1999/xhtml' class='view' ><head><style type='text/css'>.view{padding:0;word-wrap:break-word;cursor:text;height:90%;}body{margin:8px;font-family:sans-serif;font-size:16px;}p{margin:5px 0;}</style><link rel='stylesheet' type='text/css' href='http://shop-xo.hctestedu.com/static/common/lib/ueditor/themes/iframe.css'/></head><body class='view' ></body><script type='text/javascript'  id='_initialScript'>setTimeout(function(){editor = window.parent.UE.instants['ueditorInstant0'];editor._setup(document);},0);var _tmpScript = document.getElementById('_initialScript');_tmpScript.parentNode.removeChild(_tmpScript);</script></html>");document.close();}())'
JavaScript error: resource://devtools/server/actors/network-monitor/network-event-actor.js, line 108: Error: Got a request http://shop-xo.hctestedu.com/static/common/lib/assets/css/amazeui.css?v=20200202 without a browsingContextID set
JavaScript error: resource://devtools/server/actors/network-monitor/network-event-actor.js, line 108: Error: Got a request http://shop-xo.hctestedu.com/static/common/lib/amazeui-switch/amazeui.switch.css?v=20200202 without a browsingContextID set
JavaScript error: resource://devtools/server/actors/network-monitor/network-event-actor.js, line 108: Error: Got a request http://shop-xo.hctestedu.com/static/common/lib/amazeui-chosen/amazeui.chosen.css?v=20200202 without a browsingContextID set
JavaScript error: resource://devtools/server/actors/network-monitor/network-event-actor.js, line 108: Error: Got a request http://shop-xo.hctestedu.com/static/common/lib/cropper/cropper.min.css?v=20200202 without a browsingContextID set
JavaScript error: resource://devtools/server/actors/network-monitor/network-event-actor.js, line 108: Error: Got a request http://shop-xo.hctestedu.com/static/common/lib/amazeui-tagsinput/amazeui.tagsinput.css?v=20200202 without a browsingContextID set
JavaScript error: resource://devtools/server/actors/network-monitor/network-event-actor.js, line 108: Error: Got a request http://shop-xo.hctestedu.com/static/common/css/common.css?v=20200202 without a browsingContextID set
JavaScript error: resource://devtools/server/actors/network-monitor/network-event-actor.js, line 108: Error: Got a request http://shop-xo.hctestedu.com/static/index/default/css/common.css?v=20200202 without a browsingContextID set
JavaScript error: resource://devtools/server/actors/network-monitor/network-event-actor.js, line 108: Error: Got a request http://shop-xo.hctestedu.com/static/index/default/css/search.css?v=20200202 without a browsingContextID set
SourceActor threw an exception: [Exception... "Failed to open input source 'javascript:void(function(){document.open();document.write("<!DOCTYPE html><html xmlns='http://www.w3.org/1999/xhtml' class='view' ><head><style type='text/css'>.view{padding:0;word-wrap:break-word;cursor:text;height:90%;}body{margin:8px;font-family:sans-serif;font-size:16px;}p{margin:5px 0;}</style><link rel='stylesheet' type='text/css' href='http://shop-xo.hctestedu.com/static/common/lib/ueditor/themes/iframe.css'/></head><body class='view' ></body><script type='text/javascript'  id='_initialScript'>setTimeout(function(){editor = window.parent.UE.instants['ueditorInstant0'];editor._setup(document);},0);var _tmpScript = document.getElementById('_initialScript');_tmpScript.parentNode.removeChild(_tmpScript);</script></html>");document.close();}())'"  nsresult: "0x80040111 (NS_ERROR_NOT_AVAILABLE)"  location: "JS frame :: resource://devtools/shared/DevToolsUtils.js :: mainThreadFetch/< :: line 670"  data: yes]
Stack: mainThreadFetch/<@resource://devtools/shared/DevToolsUtils.js:670:15
mainThreadFetch@resource://devtools/shared/DevToolsUtils.js:516:10
_fetchURLContents@resource://devtools/server/actors/utils/sources-manager.js:439:22
urlContents@resource://devtools/server/actors/utils/sources-manager.js:406:17
_resurrectSource@resource://devtools/server/actors/thread.js:2156:35
addAllSources@resource://devtools/server/actors/thread.js:1509:14
watch@resource://devtools/server/actors/resources/sources.js:52:17
watchResources@resource://devtools/server/actors/resources/index.js:231:19
_watchTargetResources@resource://devtools/server/actors/targets/target-actor-mixin.js:156:24
addWatcherDataEntry@resource://devtools/server/actors/targets/target-actor-mixin.js:47:20
_addWatcherDataEntry@resource://devtools/server/connectors/js-window-actor/DevToolsFrameChild.jsm:503:24
receiveMessage@resource://devtools/server/connectors/js-window-actor/DevToolsFrameChild.jsm:445:21
Line: 670, column: 0
console.error: ({})
JavaScript error: resource://devtools/shared/DevToolsUtils.js, line 670: NS_ERROR_NOT_AVAILABLE: Failed to open input source 'javascript:void(function(){document.open();document.write("<!DOCTYPE html><html xmlns='http://www.w3.org/1999/xhtml' class='view' ><head><style type='text/css'>.view{padding:0;word-wrap:break-word;cursor:text;height:90%;}body{margin:8px;font-family:sans-serif;font-size:16px;}p{margin:5px 0;}</style><link rel='stylesheet' type='text/css' href='http://shop-xo.hctestedu.com/static/common/lib/ueditor/themes/iframe.css'/></head><body class='view' ></body><script type='text/javascript'  id='_initialScript'>setTimeout(function(){editor = window.parent.UE.instants['ueditorInstant0'];editor._setup(document);},0);var _tmpScript = document.getElementById('_initialScript');_tmpScript.parentNode.removeChild(_tmpScript);</script></html>");document.close();}())'
1626513989509	mozrunner::runner	INFO	Running command: "/Applications/Firefox.app/Contents/MacOS/firefox-bin" "-marionette" "-foreground" "-no-remote" "-profile" "/var/folders/v4/8qqy170d15d1xh0_yw0vwll00000gp/T/rust_mozprofileYwLNkK"
1626513990005	Marionette	INFO	Marionette enabled
console.warn: SearchSettings: "get: No settings file exists, new profile?" (new NotFoundError("Could not open the file at /var/folders/v4/8qqy170d15d1xh0_yw0vwll00000gp/T/rust_mozprofileYwLNkK/search.json.mozlz4", (void 0)))
1626513991688	Marionette	INFO	Listening on port 55339
1626513991807	Marionette	WARN	TLS certificate errors will be ignored for this session
_RegisterApplication(), FAILED TO establish the default connection to the WindowServer, _CGSDefaultConnection() is NULL.
JavaScript error: resource://gre/modules/XULStore.jsm, line 66: Error: Can't find profile directory.
JavaScript error: resource://gre/modules/XULStore.jsm, line 66: Error: Can't find profile directory.
JavaScript error: resource://gre/modules/XULStore.jsm, line 66: Error: Can't find profile directory.
JavaScript error: resource://gre/modules/XULStore.jsm, line 66: Error: Can't find profile directory.
1626514108803	Marionette	INFO	Stopped listening on port 54151

###!!! [Parent][RunMessage] Error: Channel closing: too late to send/recv, messages will be lost

SourceActor threw an exception: [Exception... "Failed to open input source 'javascript:void(function(){document.open();document.write("<!DOCTYPE html><html xmlns='http://www.w3.org/1999/xhtml' class='view' ><head><style type='text/css'>.view{padding:0;word-wrap:break-word;cursor:text;height:90%;}body{margin:8px;font-family:sans-serif;font-size:16px;}p{margin:5px 0;}</style><link rel='stylesheet' type='text/css' href='http://shop-xo.hctestedu.com/static/common/lib/ueditor/themes/iframe.css'/></head><body class='view' ></body><script type='text/javascript'  id='_initialScript'>setTimeout(function(){editor = window.parent.UE.instants['ueditorInstant0'];editor._setup(document);},0);var _tmpScript = document.getElementById('_initialScript');_tmpScript.parentNode.removeChild(_tmpScript);</script></html>");document.close();}())'"  nsresult: "0x80040111 (NS_ERROR_NOT_AVAILABLE)"  location: "JS frame :: resource://devtools/shared/DevToolsUtils.js :: mainThreadFetch/< :: line 670"  data: yes]
Stack: mainThreadFetch/<@resource://devtools/shared/DevToolsUtils.js:670:15
mainThreadFetch@resource://devtools/shared/DevToolsUtils.js:516:10
_fetchURLContents@resource://devtools/server/actors/utils/sources-manager.js:439:22
urlContents@resource://devtools/server/actors/utils/sources-manager.js:406:17
_resurrectSource@resource://devtools/server/actors/thread.js:2156:35
addAllSources@resource://devtools/server/actors/thread.js:1509:14
watch@resource://devtools/server/actors/resources/sources.js:52:17
watchResources@resource://devtools/server/actors/resources/index.js:231:19
_watchTargetResources@resource://devtools/server/actors/targets/target-actor-mixin.js:156:24
addWatcherDataEntry@resource://devtools/server/actors/targets/target-actor-mixin.js:47:20
_addWatcherDataEntry@resource://devtools/server/connectors/js-window-actor/DevToolsFrameChild.jsm:503:24
receiveMessage@resource://devtools/server/connectors/js-window-actor/DevToolsFrameChild.jsm:445:21
Line: 670, column: 0
console.error: ({})
JavaScript error: resource://devtools/shared/DevToolsUtils.js, line 670: NS_ERROR_NOT_AVAILABLE: Failed to open input source 'javascript:void(function(){document.open();document.write("<!DOCTYPE html><html xmlns='http://www.w3.org/1999/xhtml' class='view' ><head><style type='text/css'>.view{padding:0;word-wrap:break-word;cursor:text;height:90%;}body{margin:8px;font-family:sans-serif;font-size:16px;}p{margin:5px 0;}</style><link rel='stylesheet' type='text/css' href='http://shop-xo.hctestedu.com/static/common/lib/ueditor/themes/iframe.css'/></head><body class='view' ></body><script type='text/javascript'  id='_initialScript'>setTimeout(function(){editor = window.parent.UE.instants['ueditorInstant0'];editor._setup(document);},0);var _tmpScript = document.getElementById('_initialScript');_tmpScript.parentNode.removeChild(_tmpScript);</script></html>");document.close();}())'
1626514533111	addons.xpi	ERROR	Failed to download system add-on reset-search-defaults@mozilla.com: Error: Failed downloading via XHR, status: 0, reason: error(resource://gre/modules/addons/ProductAddonChecker.jsm:244:16) JS Stack trace: fail@ProductAddonChecker.jsm:244:16
1626514616507	mozrunner::runner	INFO	Running command: "/Applications/Firefox.app/Contents/MacOS/firefox-bin" "-marionette" "-foreground" "-no-remote" "-profile" "/var/folders/v4/8qqy170d15d1xh0_yw0vwll00000gp/T/rust_mozprofile9OJv24"
1626514617067	Marionette	INFO	Marionette enabled
console.warn: SearchSettings: "get: No settings file exists, new profile?" (new NotFoundError("Could not open the file at /var/folders/v4/8qqy170d15d1xh0_yw0vwll00000gp/T/rust_mozprofile9OJv24/search.json.mozlz4", (void 0)))
1626514618797	Marionette	INFO	Listening on port 58207
1626514618891	Marionette	WARN	TLS certificate errors will be ignored for this session
_RegisterApplication(), FAILED TO establish the default connection to the WindowServer, _CGSDefaultConnection() is NULL.
JavaScript error: resource://gre/modules/XULStore.jsm, line 66: Error: Can't find profile directory.
JavaScript error: resource://gre/modules/XULStore.jsm, line 66: Error: Can't find profile directory.
JavaScript error: resource://gre/modules/XULStore.jsm, line 66: Error: Can't find profile directory.
JavaScript error: resource://gre/modules/XULStore.jsm, line 66: Error: Can't find profile directory.
1626514665678	Marionette	INFO	Stopped listening on port 55339

###!!! [Parent][RunMessage] Error: Channel closing: too late to send/recv, messages will be lost

SourceActor threw an exception: [Exception... "Failed to open input source 'javascript:void(function(){document.open();document.write("<!DOCTYPE html><html xmlns='http://www.w3.org/1999/xhtml' class='view' ><head><style type='text/css'>.view{padding:0;word-wrap:break-word;cursor:text;height:90%;}body{margin:8px;font-family:sans-serif;font-size:16px;}p{margin:5px 0;}</style><link rel='stylesheet' type='text/css' href='http://shop-xo.hctestedu.com/static/common/lib/ueditor/themes/iframe.css'/></head><body class='view' ></body><script type='text/javascript'  id='_initialScript'>setTimeout(function(){editor = window.parent.UE.instants['ueditorInstant0'];editor._setup(document);},0);var _tmpScript = document.getElementById('_initialScript');_tmpScript.parentNode.removeChild(_tmpScript);</script></html>");document.close();}())'"  nsresult: "0x80040111 (NS_ERROR_NOT_AVAILABLE)"  location: "JS frame :: resource://devtools/shared/DevToolsUtils.js :: mainThreadFetch/< :: line 670"  data: yes]
Stack: mainThreadFetch/<@resource://devtools/shared/DevToolsUtils.js:670:15
mainThreadFetch@resource://devtools/shared/DevToolsUtils.js:516:10
_fetchURLContents@resource://devtools/server/actors/utils/sources-manager.js:439:22
urlContents@resource://devtools/server/actors/utils/sources-manager.js:406:17
_resurrectSource@resource://devtools/server/actors/thread.js:2156:35
addAllSources@resource://devtools/server/actors/thread.js:1509:14
watch@resource://devtools/server/actors/resources/sources.js:52:17
watchResources@resource://devtools/server/actors/resources/index.js:231:19
_watchTargetResources@resource://devtools/server/actors/targets/target-actor-mixin.js:156:24
addWatcherDataEntry@resource://devtools/server/actors/targets/target-actor-mixin.js:47:20
_addWatcherDataEntry@resource://devtools/server/connectors/js-window-actor/DevToolsFrameChild.jsm:503:24
receiveMessage@resource://devtools/server/connectors/js-window-actor/DevToolsFrameChild.jsm:445:21
Line: 670, column: 0
console.error: ({})
JavaScript error: resource://devtools/shared/DevToolsUtils.js, line 670: NS_ERROR_NOT_AVAILABLE: Failed to open input source 'javascript:void(function(){document.open();document.write("<!DOCTYPE html><html xmlns='http://www.w3.org/1999/xhtml' class='view' ><head><style type='text/css'>.view{padding:0;word-wrap:break-word;cursor:text;height:90%;}body{margin:8px;font-family:sans-serif;font-size:16px;}p{margin:5px 0;}</style><link rel='stylesheet' type='text/css' href='http://shop-xo.hctestedu.com/static/common/lib/ueditor/themes/iframe.css'/></head><body class='view' ></body><script type='text/javascript'  id='_initialScript'>setTimeout(function(){editor = window.parent.UE.instants['ueditorInstant0'];editor._setup(document);},0);var _tmpScript = document.getElementById('_initialScript');_tmpScript.parentNode.removeChild(_tmpScript);</script></html>");document.close();}())'
1626514731317	mozrunner::runner	INFO	Running command: "/Applications/Firefox.app/Contents/MacOS/firefox-bin" "-marionette" "-foreground" "-no-remote" "-profile" "/var/folders/v4/8qqy170d15d1xh0_yw0vwll00000gp/T/rust_mozprofilek6zEpq"
1626514731758	Marionette	INFO	Marionette enabled
console.warn: SearchSettings: "get: No settings file exists, new profile?" (new NotFoundError("Could not open the file at /var/folders/v4/8qqy170d15d1xh0_yw0vwll00000gp/T/rust_mozprofilek6zEpq/search.json.mozlz4", (void 0)))
1626514733570	Marionette	INFO	Listening on port 58844
1626514733601	Marionette	WARN	TLS certificate errors will be ignored for this session
_RegisterApplication(), FAILED TO establish the default connection to the WindowServer, _CGSDefaultConnection() is NULL.
JavaScript error: resource://gre/modules/XULStore.jsm, line 66: Error: Can't find profile directory.
JavaScript error: resource://gre/modules/XULStore.jsm, line 66: Error: Can't find profile directory.
JavaScript error: resource://gre/modules/XULStore.jsm, line 66: Error: Can't find profile directory.
JavaScript error: resource://gre/modules/XULStore.jsm, line 66: Error: Can't find profile directory.
1626514776845	Marionette	INFO	Stopped listening on port 58207

###!!! [Parent][RunMessage] Error: Channel closing: too late to send/recv, messages will be lost

console.log: WebExtensions: reset-default-search: starting.
console.log: WebExtensions: reset-default-search: No addons in our list are installed.
1626769559621	mozrunner::runner	INFO	Running command: "/Applications/Firefox.app/Contents/MacOS/firefox-bin" "-marionette" "-foreground" "-no-remote" "-profile" "/var/folders/v4/8qqy170d15d1xh0_yw0vwll00000gp/T/rust_mozprofileYorsBI"
1626769560229	Marionette	INFO	Marionette enabled
console.warn: SearchSettings: "get: No settings file exists, new profile?" (new NotFoundError("Could not open the file at /var/folders/v4/8qqy170d15d1xh0_yw0vwll00000gp/T/rust_mozprofileYorsBI/search.json.mozlz4", (void 0)))
1626769562266	Marionette	INFO	Listening on port 63115
1626769562326	Marionette	WARN	TLS certificate errors will be ignored for this session
1626769580013	Marionette	WARN	Ignoring event 'DOMContentLoaded' because document has an invalid readyState of 'complete'.
1626769736102	mozrunner::runner	INFO	Running command: "/Applications/Firefox.app/Contents/MacOS/firefox-bin" "-marionette" "-foreground" "-no-remote" "-profile" "/var/folders/v4/8qqy170d15d1xh0_yw0vwll00000gp/T/rust_mozprofilexj80Xk"
1626769736606	Marionette	INFO	Marionette enabled
console.warn: SearchSettings: "get: No settings file exists, new profile?" (new NotFoundError("Could not open the file at /var/folders/v4/8qqy170d15d1xh0_yw0vwll00000gp/T/rust_mozprofilexj80Xk/search.json.mozlz4", (void 0)))
1626769738445	Marionette	INFO	Listening on port 64044
1626769738490	Marionette	WARN	TLS certificate errors will be ignored for this session
1626769763227	mozrunner::runner	INFO	Running command: "/Applications/Firefox.app/Contents/MacOS/firefox-bin" "-marionette" "-foreground" "-no-remote" "-profile" "/var/folders/v4/8qqy170d15d1xh0_yw0vwll00000gp/T/rust_mozprofileYIH6NY"
1626769763665	Marionette	INFO	Marionette enabled
console.warn: SearchSettings: "get: No settings file exists, new profile?" (new NotFoundError("Could not open the file at /var/folders/v4/8qqy170d15d1xh0_yw0vwll00000gp/T/rust_mozprofileYIH6NY/search.json.mozlz4", (void 0)))
1626769765450	Marionette	INFO	Listening on port 64286
1626769765519	Marionette	WARN	TLS certificate errors will be ignored for this session
1626769797041	Marionette	INFO	Stopped listening on port 64044

###!!! [Parent][RunMessage] Error: Channel closing: too late to send/recv, messages will be lost

1626769800466	Marionette	INFO	Stopped listening on port 64286

###!!! [Parent][RunMessage] Error: Channel closing: too late to send/recv, messages will be lost

1626769812702	mozrunner::runner	INFO	Running command: "/Applications/Firefox.app/Contents/MacOS/firefox-bin" "-marionette" "-foreground" "-no-remote" "-profile" "/var/folders/v4/8qqy170d15d1xh0_yw0vwll00000gp/T/rust_mozprofileOoxtUj"
1626769813236	Marionette	INFO	Marionette enabled
console.warn: SearchSettings: "get: No settings file exists, new profile?" (new NotFoundError("Could not open the file at /var/folders/v4/8qqy170d15d1xh0_yw0vwll00000gp/T/rust_mozprofileOoxtUj/search.json.mozlz4", (void 0)))
1626769815004	Marionette	INFO	Listening on port 64638
1626769815103	Marionette	WARN	TLS certificate errors will be ignored for this session
1626769833790	mozrunner::runner	INFO	Running command: "/Applications/Firefox.app/Contents/MacOS/firefox-bin" "-marionette" "-foreground" "-no-remote" "-profile" "/var/folders/v4/8qqy170d15d1xh0_yw0vwll00000gp/T/rust_mozprofileXDPcvK"
1626769834282	Marionette	INFO	Marionette enabled
console.warn: SearchSettings: "get: No settings file exists, new profile?" (new NotFoundError("Could not open the file at /var/folders/v4/8qqy170d15d1xh0_yw0vwll00000gp/T/rust_mozprofileXDPcvK/search.json.mozlz4", (void 0)))
1626769835992	Marionette	INFO	Listening on port 64853
1626769836070	Marionette	WARN	TLS certificate errors will be ignored for this session
1626769872624	mozrunner::runner	INFO	Running command: "/Applications/Firefox.app/Contents/MacOS/firefox-bin" "-marionette" "-foreground" "-no-remote" "-profile" "/var/folders/v4/8qqy170d15d1xh0_yw0vwll00000gp/T/rust_mozprofile8avwD5"
1626769873070	Marionette	INFO	Marionette enabled
console.warn: SearchSettings: "get: No settings file exists, new profile?" (new NotFoundError("Could not open the file at /var/folders/v4/8qqy170d15d1xh0_yw0vwll00000gp/T/rust_mozprofile8avwD5/search.json.mozlz4", (void 0)))
1626769874942	Marionette	INFO	Listening on port 65131
1626769875031	Marionette	WARN	TLS certificate errors will be ignored for this session
JavaScript error: resource://gre/actors/AutoCompleteChild.jsm, line 125: Error: Invalid autocomplete selectedIndex
JavaScript error: resource://gre/actors/AutoCompleteChild.jsm, line 125: Error: Invalid autocomplete selectedIndex
JavaScript error: resource://gre/modules/LoginManagerChild.jsm, line 194: NS_ERROR_XPC_JAVASCRIPT_ERROR_WITH_DETAILS: [JavaScript Error: "Invalid autocomplete selectedIndex" {file: "resource://gre/actors/AutoCompleteChild.jsm" line: 125}]'[JavaScript Error: "Invalid autocomplete selectedIndex" {file: "resource://gre/actors/AutoCompleteChild.jsm" line: 125}]' when calling method: [nsIAutoCompletePopup::selectedIndex]
1626769888192	Marionette	WARN	Ignoring event 'DOMContentLoaded' because document has an invalid readyState of 'complete'.
1626769989047	Marionette	INFO	Stopped listening on port 63115

###!!! [Parent][RunMessage] Error: Channel closing: too late to send/recv, messages will be lost

1626769991863	Marionette	INFO	Stopped listening on port 64638

###!!! [Parent][RunMessage] Error: Channel closing: too late to send/recv, messages will be lost

1626769993602	Marionette	INFO	Stopped listening on port 64853

###!!! [Parent][RunMessage] Error: Channel closing: too late to send/recv, messages will be lost

1626769997405	mozrunner::runner	INFO	Running command: "/Applications/Firefox.app/Contents/MacOS/firefox-bin" "-marionette" "-foreground" "-no-remote" "-profile" "/var/folders/v4/8qqy170d15d1xh0_yw0vwll00000gp/T/rust_mozprofilecR3YYQ"
1626769997977	Marionette	INFO	Marionette enabled
console.warn: SearchSettings: "get: No settings file exists, new profile?" (new NotFoundError("Could not open the file at /var/folders/v4/8qqy170d15d1xh0_yw0vwll00000gp/T/rust_mozprofilecR3YYQ/search.json.mozlz4", (void 0)))
1626769999660	Marionette	INFO	Listening on port 49448
1626769999710	Marionette	WARN	TLS certificate errors will be ignored for this session
1626770015772	Marionette	INFO	Stopped listening on port 49448

###!!! [Parent][RunMessage] Error: Channel closing: too late to send/recv, messages will be lost

1626770020778	Marionette	INFO	Stopped listening on port 65131

###!!! [Parent][RunMessage] Error: Channel closing: too late to send/recv, messages will be lost

JavaScript warning: https://mimg.127.net/p/tools/fingerprintjs/fingerprint-2.1.2.min.js, line 4: WebGL context was lost.
JavaScript warning: https://mimg.127.net/p/tools/fingerprintjs/fingerprint-2.1.2.min.js, line 4: WebGL context was lost.
JavaScript warning: https://mimg.127.net/p/tools/fingerprintjs/fingerprint-2.1.2.min.js, line 4: WebGL context was lost.
JavaScript warning: https://mimg.127.net/p/tools/fingerprintjs/fingerprint-2.1.2.min.js, line 4: WebGL context was lost.
JavaScript warning: https://mimg.127.net/p/tools/fingerprintjs/fingerprint-2.1.2.min.js, line 4: WebGL context was lost.
JavaScript warning: https://mimg.127.net/p/tools/fingerprintjs/fingerprint-2.1.2.min.js, line 4: WebGL context was lost.
JavaScript warning: https://mimg.127.net/p/tools/fingerprintjs/fingerprint-2.1.2.min.js, line 4: WebGL context was lost.
JavaScript warning: https://mimg.127.net/p/tools/fingerprintjs/fingerprint-2.1.2.min.js, line 4: WebGL context was lost.
JavaScript warning: https://www.yunpian.com/static/official/js/libs/riddler-sdk-0.2.2.js, line 1: WebGL context was lost.
JavaScript warning: https://www.yunpian.com/static/official/js/libs/riddler-sdk-0.2.2.js, line 1: WebGL context was lost.
JavaScript warning: https://www.yunpian.com/static/official/js/libs/riddler-sdk-0.2.2.js, line 1: WebGL context was lost.
JavaScript warning: https://www.yunpian.com/static/official/js/libs/riddler-sdk-0.2.2.js, line 1: WebGL context was lost.
JavaScript warning: https://www.yunpian.com/static/official/js/libs/riddler-sdk-0.2.2.js, line 1: WebGL context was lost.
JavaScript warning: https://www.yunpian.com/static/official/js/libs/riddler-sdk-0.2.2.js, line 1: WebGL context was lost.
JavaScript warning: https://www.yunpian.com/static/official/js/libs/riddler-sdk-0.2.2.js, line 1: WebGL context was lost.
JavaScript warning: https://www.yunpian.com/static/official/js/libs/riddler-sdk-0.2.2.js, line 1: WebGL context was lost.
JavaScript error: , line 0: TypeError: NetworkError when attempting to fetch resource.
JavaScript warning: http://stacdn201.ganjistatic1.com/public/tool/webim_v3/js/webim.cmb.__1626690120__.js, line 1: unreachable code after return statement
JavaScript warning: http://stacdn201.ganjistatic1.com/public/tool/webim_v3/js/webim.cmb.__1626690120__.js, line 1: unreachable code after return statement
JavaScript warning: https://stacdn201.ganjistatic1.com/public/tool/webim_v3/js/webim.cmb.__1626690120__.js, line 1: unreachable code after return statement
JavaScript warning: https://stacdn201.ganjistatic1.com/public/tool/webim_v3/js/webim.cmb.__1626690120__.js, line 1: unreachable code after return statement
JavaScript warning: http://stacdn201.ganjistatic1.com/public/tool/webim_v3/js/webim.cmb.__1626690120__.js, line 1: unreachable code after return statement
JavaScript warning: http://stacdn201.ganjistatic1.com/public/tool/webim_v3/js/webim.cmb.__1626690120__.js, line 1: unreachable code after return statement
JavaScript warning: http://stacdn201.ganjistatic1.com/public/tool/webim_v3/js/webim.cmb.__1626690120__.js, line 1: unreachable code after return statement
JavaScript warning: http://stacdn201.ganjistatic1.com/public/tool/webim_v3/js/webim.cmb.__1626690120__.js, line 1: unreachable code after return statement
JavaScript warning: https://stacdn201.ganjistatic1.com/public/tool/webim_v3/js/webim.cmb.__1626690120__.js, line 1: unreachable code after return statement
JavaScript warning: https://stacdn201.ganjistatic1.com/public/tool/webim_v3/js/webim.cmb.__1626690120__.js, line 1: unreachable code after return statement
JavaScript warning: https://stacdn201.ganjistatic1.com/public/tool/webim_v3/js/webim.cmb.__1626690120__.js, line 1: unreachable code after return statement
JavaScript warning: https://stacdn201.ganjistatic1.com/public/tool/webim_v3/js/webim.cmb.__1626690120__.js, line 1: unreachable code after return statement
1626773356213	mozrunner::runner	INFO	Running command: "/Applications/Firefox.app/Contents/MacOS/firefox-bin" "-marionette" "-foreground" "-no-remote" "-profile" "/var/folders/v4/8qqy170d15d1xh0_yw0vwll00000gp/T/rust_mozprofileiNhHzV"
1626773356794	Marionette	INFO	Marionette enabled
console.warn: SearchSettings: "get: No settings file exists, new profile?" (new NotFoundError("Could not open the file at /var/folders/v4/8qqy170d15d1xh0_yw0vwll00000gp/T/rust_mozprofileiNhHzV/search.json.mozlz4", (void 0)))
1626773358642	Marionette	INFO	Listening on port 49511
1626773358725	Marionette	WARN	TLS certificate errors will be ignored for this session
JavaScript warning: https://stacdn201.ganjistatic1.com/public/tool/webim_v3/js/webim.cmb.__1626690120__.js, line 1: unreachable code after return statement
JavaScript warning: https://stacdn201.ganjistatic1.com/public/tool/webim_v3/js/webim.cmb.__1626690120__.js, line 1: unreachable code after return statement
_RegisterApplication(), FAILED TO establish the default connection to the WindowServer, _CGSDefaultConnection() is NULL.
console.log: WebExtensions: reset-default-search: starting.
console.log: WebExtensions: reset-default-search: No addons in our list are installed.
1626774075235	Marionette	INFO	Stopped listening on port 49511

###!!! [Parent][RunMessage] Error: Channel closing: too late to send/recv, messages will be lost

1626774087297	mozrunner::runner	INFO	Running command: "/Applications/Firefox.app/Contents/MacOS/firefox-bin" "-marionette" "-foreground" "-no-remote" "-profile" "/var/folders/v4/8qqy170d15d1xh0_yw0vwll00000gp/T/rust_mozprofileOlkS6i"
1626774087903	Marionette	INFO	Marionette enabled
console.warn: SearchSettings: "get: No settings file exists, new profile?" (new NotFoundError("Could not open the file at /var/folders/v4/8qqy170d15d1xh0_yw0vwll00000gp/T/rust_mozprofileOlkS6i/search.json.mozlz4", (void 0)))
1626774089763	Marionette	INFO	Listening on port 53296
1626774089814	Marionette	WARN	TLS certificate errors will be ignored for this session
JavaScript warning: https://stacdn201.ganjistatic1.com/public/tool/webim_v3/js/webim.cmb.__1626690120__.js, line 1: unreachable code after return statement
JavaScript warning: https://stacdn201.ganjistatic1.com/public/tool/webim_v3/js/webim.cmb.__1626690120__.js, line 1: unreachable code after return statement
_RegisterApplication(), FAILED TO establish the default connection to the WindowServer, _CGSDefaultConnection() is NULL.
JavaScript error: resource://devtools/server/connectors/js-window-actor/DevToolsFrameChild.jsm, line 299: Error: Trying to destroy a target actor that doesn't exists, or has already been destroyed. Watcher Actor ID:server0.conn0.watcher2
JavaScript error: resource://devtools/server/connectors/js-window-actor/DevToolsFrameChild.jsm, line 299: Error: Trying to destroy a target actor that doesn't exists, or has already been destroyed. Watcher Actor ID:server0.conn0.watcher2
JavaScript error: resource://devtools/server/connectors/js-window-actor/DevToolsFrameChild.jsm, line 299: Error: Trying to destroy a target actor that doesn't exists, or has already been destroyed. Watcher Actor ID:server0.conn0.watcher2
JavaScript error: resource://devtools/server/connectors/js-window-actor/DevToolsFrameChild.jsm, line 299: Error: Trying to destroy a target actor that doesn't exists, or has already been destroyed. Watcher Actor ID:server0.conn0.watcher2
JavaScript error: resource://devtools/server/connectors/js-window-actor/DevToolsFrameChild.jsm, line 299: Error: Trying to destroy a target actor that doesn't exists, or has already been destroyed. Watcher Actor ID:server0.conn0.watcher2
JavaScript error: resource://devtools/server/actors/network-monitor/network-event-actor.js, line 108: Error: Got a request http://stacdn201.ganjistatic1.com/public/tool/webim_v3/lib/webim/css/app.css?v=26 without a browsingContextID set
1626774219660	mozrunner::runner	INFO	Running command: "/Applications/Firefox.app/Contents/MacOS/firefox-bin" "-marionette" "-foreground" "-no-remote" "-profile" "/var/folders/v4/8qqy170d15d1xh0_yw0vwll00000gp/T/rust_mozprofilejFj5fl"
1626774220169	Marionette	INFO	Marionette enabled
console.warn: SearchSettings: "get: No settings file exists, new profile?" (new NotFoundError("Could not open the file at /var/folders/v4/8qqy170d15d1xh0_yw0vwll00000gp/T/rust_mozprofilejFj5fl/search.json.mozlz4", (void 0)))
1626774222177	Marionette	INFO	Listening on port 54025
1626774222253	Marionette	WARN	TLS certificate errors will be ignored for this session
1626774222999	Marionette	INFO	Stopped listening on port 53296

###!!! [Parent][RunMessage] Error: Channel closing: too late to send/recv, messages will be lost

JavaScript warning: https://stacdn201.ganjistatic1.com/public/tool/webim_v3/js/webim.cmb.__1626690120__.js, line 1: unreachable code after return statement
JavaScript warning: https://stacdn201.ganjistatic1.com/public/tool/webim_v3/js/webim.cmb.__1626690120__.js, line 1: unreachable code after return statement
_RegisterApplication(), FAILED TO establish the default connection to the WindowServer, _CGSDefaultConnection() is NULL.
console.log: WebExtensions: reset-default-search: starting.
console.log: WebExtensions: reset-default-search: No addons in our list are installed.
1626776822608	mozrunner::runner	INFO	Running command: "/Applications/Firefox.app/Contents/MacOS/firefox-bin" "-marionette" "-foreground" "-no-remote" "-profile" "/var/folders/v4/8qqy170d15d1xh0_yw0vwll00000gp/T/rust_mozprofilexbBnEU"
1626776823231	Marionette	INFO	Marionette enabled
console.warn: SearchSettings: "get: No settings file exists, new profile?" (new NotFoundError("Could not open the file at /var/folders/v4/8qqy170d15d1xh0_yw0vwll00000gp/T/rust_mozprofilexbBnEU/search.json.mozlz4", (void 0)))
1626776825285	Marionette	INFO	Listening on port 50090
1626776825342	Marionette	WARN	TLS certificate errors will be ignored for this session
JavaScript warning: https://stacdn201.ganjistatic1.com/public/tool/webim_v3/js/webim.cmb.__1626776520__.js, line 1: unreachable code after return statement
JavaScript warning: https://stacdn201.ganjistatic1.com/public/tool/webim_v3/js/webim.cmb.__1626776520__.js, line 1: unreachable code after return statement
_RegisterApplication(), FAILED TO establish the default connection to the WindowServer, _CGSDefaultConnection() is NULL.
1626776845899	Marionette	INFO	Stopped listening on port 50090

###!!! [Parent][RunMessage] Error: Channel closing: too late to send/recv, messages will be lost

1626776848700	Marionette	INFO	Stopped listening on port 54025

###!!! [Parent][RunMessage] Error: Channel closing: too late to send/recv, messages will be lost

1626778331547	mozrunner::runner	INFO	Running command: "/Applications/Firefox.app/Contents/MacOS/firefox-bin" "-marionette" "-foreground" "-no-remote" "-profile" "/var/folders/v4/8qqy170d15d1xh0_yw0vwll00000gp/T/rust_mozprofileR1IPWy"
1626778332140	Marionette	INFO	Marionette enabled
console.warn: SearchSettings: "get: No settings file exists, new profile?" (new NotFoundError("Could not open the file at /var/folders/v4/8qqy170d15d1xh0_yw0vwll00000gp/T/rust_mozprofileR1IPWy/search.json.mozlz4", (void 0)))
1626778334076	Marionette	INFO	Listening on port 57092
1626778334166	Marionette	WARN	TLS certificate errors will be ignored for this session
JavaScript warning: https://stacdn201.ganjistatic1.com/public/tool/webim_v3/js/webim.cmb.__1626776520__.js, line 1: unreachable code after return statement
JavaScript warning: https://stacdn201.ganjistatic1.com/public/tool/webim_v3/js/webim.cmb.__1626776520__.js, line 1: unreachable code after return statement
_RegisterApplication(), FAILED TO establish the default connection to the WindowServer, _CGSDefaultConnection() is NULL.
1626778523496	mozrunner::runner	INFO	Running command: "/Applications/Firefox.app/Contents/MacOS/firefox-bin" "-marionette" "-foreground" "-no-remote" "-profile" "/var/folders/v4/8qqy170d15d1xh0_yw0vwll00000gp/T/rust_mozprofileotAE1y"
1626778524021	Marionette	INFO	Marionette enabled
console.warn: SearchSettings: "get: No settings file exists, new profile?" (new NotFoundError("Could not open the file at /var/folders/v4/8qqy170d15d1xh0_yw0vwll00000gp/T/rust_mozprofileotAE1y/search.json.mozlz4", (void 0)))
1626778525942	Marionette	INFO	Listening on port 58067
1626778526024	Marionette	WARN	TLS certificate errors will be ignored for this session
JavaScript warning: https://stacdn201.ganjistatic1.com/public/tool/webim_v3/js/webim.cmb.__1626776520__.js, line 1: unreachable code after return statement
JavaScript warning: https://stacdn201.ganjistatic1.com/public/tool/webim_v3/js/webim.cmb.__1626776520__.js, line 1: unreachable code after return statement
_RegisterApplication(), FAILED TO establish the default connection to the WindowServer, _CGSDefaultConnection() is NULL.
1626778584703	mozrunner::runner	INFO	Running command: "/Applications/Firefox.app/Contents/MacOS/firefox-bin" "-marionette" "-foreground" "-no-remote" "-profile" "/var/folders/v4/8qqy170d15d1xh0_yw0vwll00000gp/T/rust_mozprofileduVqBa"
1626778585217	Marionette	INFO	Marionette enabled
console.warn: SearchSettings: "get: No settings file exists, new profile?" (new NotFoundError("Could not open the file at /var/folders/v4/8qqy170d15d1xh0_yw0vwll00000gp/T/rust_mozprofileduVqBa/search.json.mozlz4", (void 0)))
1626778587124	Marionette	INFO	Listening on port 58444
1626778587229	Marionette	WARN	TLS certificate errors will be ignored for this session
JavaScript warning: https://stacdn201.ganjistatic1.com/public/tool/webim_v3/js/webim.cmb.__1626776520__.js, line 1: unreachable code after return statement
JavaScript warning: https://stacdn201.ganjistatic1.com/public/tool/webim_v3/js/webim.cmb.__1626776520__.js, line 1: unreachable code after return statement
_RegisterApplication(), FAILED TO establish the default connection to the WindowServer, _CGSDefaultConnection() is NULL.
1626778602802	Marionette	INFO	Stopped listening on port 58444

###!!! [Parent][RunMessage] Error: Channel closing: too late to send/recv, messages will be lost

1626778605657	Marionette	INFO	Stopped listening on port 58067

###!!! [Parent][RunMessage] Error: Channel closing: too late to send/recv, messages will be lost

1626778607988	Marionette	INFO	Stopped listening on port 57092

###!!! [Parent][RunMessage] Error: Channel closing: too late to send/recv, messages will be lost

1626778723127	mozrunner::runner	INFO	Running command: "/Applications/Firefox.app/Contents/MacOS/firefox-bin" "-marionette" "-foreground" "-no-remote" "-profile" "/var/folders/v4/8qqy170d15d1xh0_yw0vwll00000gp/T/rust_mozprofileSpMt2Q"
1626778723581	Marionette	INFO	Marionette enabled
console.warn: SearchSettings: "get: No settings file exists, new profile?" (new NotFoundError("Could not open the file at /var/folders/v4/8qqy170d15d1xh0_yw0vwll00000gp/T/rust_mozprofileSpMt2Q/search.json.mozlz4", (void 0)))
1626778725447	Marionette	INFO	Listening on port 59175
1626778725539	Marionette	WARN	TLS certificate errors will be ignored for this session
JavaScript warning: https://stacdn201.ganjistatic1.com/public/tool/webim_v3/js/webim.cmb.__1626776520__.js, line 1: unreachable code after return statement
JavaScript warning: https://stacdn201.ganjistatic1.com/public/tool/webim_v3/js/webim.cmb.__1626776520__.js, line 1: unreachable code after return statement
_RegisterApplication(), FAILED TO establish the default connection to the WindowServer, _CGSDefaultConnection() is NULL.
1626778734936	Marionette	INFO	Stopped listening on port 59175

###!!! [Parent][RunMessage] Error: Channel closing: too late to send/recv, messages will be lost

1626781272861	mozrunner::runner	INFO	Running command: "/Applications/Firefox.app/Contents/MacOS/firefox-bin" "-marionette" "-foreground" "-no-remote" "-profile" "/var/folders/v4/8qqy170d15d1xh0_yw0vwll00000gp/T/rust_mozprofileQ0s4I2"
1626781273473	Marionette	INFO	Marionette enabled
console.warn: SearchSettings: "get: No settings file exists, new profile?" (new NotFoundError("Could not open the file at /var/folders/v4/8qqy170d15d1xh0_yw0vwll00000gp/T/rust_mozprofileQ0s4I2/search.json.mozlz4", (void 0)))
1626781275518	Marionette	INFO	Listening on port 54585
1626781275573	Marionette	WARN	TLS certificate errors will be ignored for this session
JavaScript warning: https://stacdn201.ganjistatic1.com/public/tool/webim_v3/js/webim.cmb.__1626776520__.js, line 1: unreachable code after return statement
JavaScript warning: https://stacdn201.ganjistatic1.com/public/tool/webim_v3/js/webim.cmb.__1626776520__.js, line 1: unreachable code after return statement
_RegisterApplication(), FAILED TO establish the default connection to the WindowServer, _CGSDefaultConnection() is NULL.
1626781383251	mozrunner::runner	INFO	Running command: "/Applications/Firefox.app/Contents/MacOS/firefox-bin" "-marionette" "-foreground" "-no-remote" "-profile" "/var/folders/v4/8qqy170d15d1xh0_yw0vwll00000gp/T/rust_mozprofileVv2an1"
1626781383796	Marionette	INFO	Marionette enabled
console.warn: SearchSettings: "get: No settings file exists, new profile?" (new NotFoundError("Could not open the file at /var/folders/v4/8qqy170d15d1xh0_yw0vwll00000gp/T/rust_mozprofileVv2an1/search.json.mozlz4", (void 0)))
1626781385725	Marionette	INFO	Listening on port 55201
1626781385757	Marionette	WARN	TLS certificate errors will be ignored for this session
JavaScript warning: https://stacdn201.ganjistatic1.com/public/tool/webim_v3/js/webim.cmb.__1626776520__.js, line 1: unreachable code after return statement
JavaScript warning: https://stacdn201.ganjistatic1.com/public/tool/webim_v3/js/webim.cmb.__1626776520__.js, line 1: unreachable code after return statement
_RegisterApplication(), FAILED TO establish the default connection to the WindowServer, _CGSDefaultConnection() is NULL.
1626781453385	mozrunner::runner	INFO	Running command: "/Applications/Firefox.app/Contents/MacOS/firefox-bin" "-marionette" "-foreground" "-no-remote" "-profile" "/var/folders/v4/8qqy170d15d1xh0_yw0vwll00000gp/T/rust_mozprofileHizJQ7"
1626781453815	Marionette	INFO	Marionette enabled
console.warn: SearchSettings: "get: No settings file exists, new profile?" (new NotFoundError("Could not open the file at /var/folders/v4/8qqy170d15d1xh0_yw0vwll00000gp/T/rust_mozprofileHizJQ7/search.json.mozlz4", (void 0)))
1626781455730	Marionette	INFO	Listening on port 55612
1626781455788	Marionette	WARN	TLS certificate errors will be ignored for this session
JavaScript warning: https://stacdn201.ganjistatic1.com/public/tool/webim_v3/js/webim.cmb.__1626776520__.js, line 1: unreachable code after return statement
JavaScript warning: https://stacdn201.ganjistatic1.com/public/tool/webim_v3/js/webim.cmb.__1626776520__.js, line 1: unreachable code after return statement
_RegisterApplication(), FAILED TO establish the default connection to the WindowServer, _CGSDefaultConnection() is NULL.
1626781482417	Marionette	INFO	Stopped listening on port 54585

###!!! [Parent][RunMessage] Error: Channel closing: too late to send/recv, messages will be lost

1626781484805	Marionette	INFO	Stopped listening on port 55201

###!!! [Parent][RunMessage] Error: Channel closing: too late to send/recv, messages will be lost

1626781487309	Marionette	INFO	Stopped listening on port 55612

###!!! [Parent][RunMessage] Error: Channel closing: too late to send/recv, messages will be lost

1626781489934	Marionette	INFO	Stopped listening on port 58844

###!!! [Parent][RunMessage] Error: Channel closing: too late to send/recv, messages will be lost

1626924995997	mozrunner::runner	INFO	Running command: "/Applications/Firefox.app/Contents/MacOS/firefox-bin" "-marionette" "-foreground" "-no-remote" "-profile" "/var/folders/v4/8qqy170d15d1xh0_yw0vwll00000gp/T/rust_mozprofileXDlSc6"
1626924996488	Marionette	INFO	Marionette enabled
console.warn: SearchSettings: "get: No settings file exists, new profile?" (new NotFoundError("Could not open the file at /var/folders/v4/8qqy170d15d1xh0_yw0vwll00000gp/T/rust_mozprofileXDlSc6/search.json.mozlz4", (void 0)))
1626924998411	Marionette	INFO	Listening on port 52748
1626924998503	Marionette	WARN	TLS certificate errors will be ignored for this session
_RegisterApplication(), FAILED TO establish the default connection to the WindowServer, _CGSDefaultConnection() is NULL.
JavaScript error: resource://gre/modules/XULStore.jsm, line 66: Error: Can't find profile directory.
JavaScript error: resource://gre/modules/XULStore.jsm, line 66: Error: Can't find profile directory.
1626925018085	Marionette	INFO	Stopped listening on port 52748

###!!! [Parent][RunMessage] Error: Channel closing: too late to send/recv, messages will be lost

1626925019632	mozrunner::runner	INFO	Running command: "/Applications/Firefox.app/Contents/MacOS/firefox-bin" "-marionette" "-foreground" "-no-remote" "-profile" "/var/folders/v4/8qqy170d15d1xh0_yw0vwll00000gp/T/rust_mozprofilehnByTa"
1626925020046	Marionette	INFO	Marionette enabled
console.warn: SearchSettings: "get: No settings file exists, new profile?" (new NotFoundError("Could not open the file at /var/folders/v4/8qqy170d15d1xh0_yw0vwll00000gp/T/rust_mozprofilehnByTa/search.json.mozlz4", (void 0)))
1626925021797	Marionette	INFO	Listening on port 52865
1626925021824	Marionette	WARN	TLS certificate errors will be ignored for this session
_RegisterApplication(), FAILED TO establish the default connection to the WindowServer, _CGSDefaultConnection() is NULL.
JavaScript error: resource://gre/modules/XULStore.jsm, line 66: Error: Can't find profile directory.
JavaScript error: resource://gre/modules/XULStore.jsm, line 66: Error: Can't find profile directory.
1626925035509	Marionette	INFO	Stopped listening on port 52865

###!!! [Parent][RunMessage] Error: Channel closing: too late to send/recv, messages will be lost

1626926006337	mozrunner::runner	INFO	Running command: "/Applications/Firefox.app/Contents/MacOS/firefox-bin" "-marionette" "-foreground" "-no-remote" "-profile" "/var/folders/v4/8qqy170d15d1xh0_yw0vwll00000gp/T/rust_mozprofileRqD2FZ"
1626926006821	Marionette	INFO	Marionette enabled
console.warn: SearchSettings: "get: No settings file exists, new profile?" (new NotFoundError("Could not open the file at /var/folders/v4/8qqy170d15d1xh0_yw0vwll00000gp/T/rust_mozprofileRqD2FZ/search.json.mozlz4", (void 0)))
1626926008538	Marionette	INFO	Listening on port 53487
1626926008627	Marionette	WARN	TLS certificate errors will be ignored for this session
_RegisterApplication(), FAILED TO establish the default connection to the WindowServer, _CGSDefaultConnection() is NULL.
JavaScript error: resource://gre/modules/XULStore.jsm, line 66: Error: Can't find profile directory.
JavaScript error: resource://gre/modules/XULStore.jsm, line 66: Error: Can't find profile directory.
1626926038429	Marionette	INFO	Stopped listening on port 53487

###!!! [Parent][RunMessage] Error: Channel closing: too late to send/recv, messages will be lost

1626926039994	mozrunner::runner	INFO	Running command: "/Applications/Firefox.app/Contents/MacOS/firefox-bin" "-marionette" "-foreground" "-no-remote" "-profile" "/var/folders/v4/8qqy170d15d1xh0_yw0vwll00000gp/T/rust_mozprofileDa5TWL"
1626926040462	Marionette	INFO	Marionette enabled
console.warn: SearchSettings: "get: No settings file exists, new profile?" (new NotFoundError("Could not open the file at /var/folders/v4/8qqy170d15d1xh0_yw0vwll00000gp/T/rust_mozprofileDa5TWL/search.json.mozlz4", (void 0)))
1626926042140	Marionette	INFO	Listening on port 53607
1626926042191	Marionette	WARN	TLS certificate errors will be ignored for this session
_RegisterApplication(), FAILED TO establish the default connection to the WindowServer, _CGSDefaultConnection() is NULL.
JavaScript error: resource://gre/modules/XULStore.jsm, line 66: Error: Can't find profile directory.
JavaScript error: resource://gre/modules/XULStore.jsm, line 66: Error: Can't find profile directory.
1626926056387	Marionette	INFO	Stopped listening on port 53607

###!!! [Parent][RunMessage] Error: Channel closing: too late to send/recv, messages will be lost

1626958765594	mozrunner::runner	INFO	Running command: "/Applications/Firefox.app/Contents/MacOS/firefox-bin" "-marionette" "-foreground" "-no-remote" "-profile" "/var/folders/v4/8qqy170d15d1xh0_yw0vwll00000gp/T/rust_mozprofilepc04by"
1626958766020	Marionette	INFO	Marionette enabled
console.warn: SearchSettings: "get: No settings file exists, new profile?" (new NotFoundError("Could not open the file at /var/folders/v4/8qqy170d15d1xh0_yw0vwll00000gp/T/rust_mozprofilepc04by/search.json.mozlz4", (void 0)))
console.error: Region.jsm: "Error fetching region" (new TypeError("NetworkError when attempting to fetch resource.", ""))
console.error: Region.jsm: "Failed to fetch region" (new Error("NO_RESULT", "resource://gre/modules/Region.jsm", 419))
1626958767724	Marionette	INFO	Listening on port 51097
1626958767777	Marionette	WARN	TLS certificate errors will be ignored for this session
_RegisterApplication(), FAILED TO establish the default connection to the WindowServer, _CGSDefaultConnection() is NULL.
JavaScript error: resource://gre/modules/XULStore.jsm, line 66: Error: Can't find profile directory.
JavaScript error: resource://gre/modules/XULStore.jsm, line 66: Error: Can't find profile directory.
JavaScript error: resource://gre/modules/XULStore.jsm, line 66: Error: Can't find profile directory.
JavaScript error: resource://gre/modules/XULStore.jsm, line 66: Error: Can't find profile directory.
1626958930131	Marionette	INFO	Stopped listening on port 51097

###!!! [Parent][RunMessage] Error: Channel closing: too late to send/recv, messages will be lost

