1627025155464	mozrunner::runner	INFO	Running command: "/Applications/Firefox.app/Contents/MacOS/firefox-bin" "-marionette" "-foreground" "-no-remote" "-profile" "/var/folders/v4/8qqy170d15d1xh0_yw0vwll00000gp/T/rust_mozprofileeetmDP"
1627025156041	Marionette	INFO	Marionette enabled
console.warn: SearchSettings: "get: No settings file exists, new profile?" (new NotFoundError("Could not open the file at /var/folders/v4/8qqy170d15d1xh0_yw0vwll00000gp/T/rust_mozprofileeetmDP/search.json.mozlz4", (void 0)))
1627025157777	Marionette	INFO	Listening on port 62340
1627025157848	Marionette	WARN	TLS certificate errors will be ignored for this session
_RegisterApplication(), FAILED TO establish the default connection to the WindowServer, _CGSDefaultConnection() is NULL.
JavaScript error: resource://gre/modules/XULStore.jsm, line 66: Error: Can't find profile directory.
JavaScript error: resource://gre/modules/XULStore.jsm, line 66: Error: Can't find profile directory.
1627025172056	Marionette	INFO	Stopped listening on port 62340

###!!! [Parent][RunMessage] Error: Channel closing: too late to send/recv, messages will be lost

1627025173757	mozrunner::runner	INFO	Running command: "/Applications/Firefox.app/Contents/MacOS/firefox-bin" "-marionette" "-foreground" "-no-remote" "-profile" "/var/folders/v4/8qqy170d15d1xh0_yw0vwll00000gp/T/rust_mozprofileIKCkq2"
1627025174233	Marionette	INFO	Marionette enabled
console.warn: SearchSettings: "get: No settings file exists, new profile?" (new NotFoundError("Could not open the file at /var/folders/v4/8qqy170d15d1xh0_yw0vwll00000gp/T/rust_mozprofileIKCkq2/search.json.mozlz4", (void 0)))
console.error: Region.jsm: "Error fetching region" (new TypeError("NetworkError when attempting to fetch resource.", ""))
console.error: Region.jsm: "Failed to fetch region" (new Error("NO_RESULT", "resource://gre/modules/Region.jsm", 419))
1627025176072	Marionette	INFO	Listening on port 62646
1627025176151	Marionette	WARN	TLS certificate errors will be ignored for this session
_RegisterApplication(), FAILED TO establish the default connection to the WindowServer, _CGSDefaultConnection() is NULL.
JavaScript error: resource://gre/modules/XULStore.jsm, line 66: Error: Can't find profile directory.
JavaScript error: resource://gre/modules/XULStore.jsm, line 66: Error: Can't find profile directory.
1627025194718	Marionette	INFO	Stopped listening on port 62646

###!!! [Parent][RunMessage] Error: Channel closing: too late to send/recv, messages will be lost

1627025196253	mozrunner::runner	INFO	Running command: "/Applications/Firefox.app/Contents/MacOS/firefox-bin" "-marionette" "-foreground" "-no-remote" "-profile" "/var/folders/v4/8qqy170d15d1xh0_yw0vwll00000gp/T/rust_mozprofileTPIAC6"
1627025196718	Marionette	INFO	Marionette enabled
console.warn: SearchSettings: "get: No settings file exists, new profile?" (new NotFoundError("Could not open the file at /var/folders/v4/8qqy170d15d1xh0_yw0vwll00000gp/T/rust_mozprofileTPIAC6/search.json.mozlz4", (void 0)))
1627025198519	Marionette	INFO	Listening on port 62968
1627025198625	Marionette	WARN	TLS certificate errors will be ignored for this session
console.error: Region.jsm: "Error fetching region" (new TypeError("NetworkError when attempting to fetch resource.", ""))
console.error: Region.jsm: "Failed to fetch region" (new Error("NO_RESULT", "resource://gre/modules/Region.jsm", 419))
JavaScript error: resource://gre/modules/XULStore.jsm, line 66: Error: Can't find profile directory.
JavaScript error: resource://gre/modules/XULStore.jsm, line 66: Error: Can't find profile directory.
_RegisterApplication(), FAILED TO establish the default connection to the WindowServer, _CGSDefaultConnection() is NULL.
1627025210059	Marionette	INFO	Stopped listening on port 62968

###!!! [Parent][RunMessage] Error: Channel closing: too late to send/recv, messages will be lost

1627025211603	mozrunner::runner	INFO	Running command: "/Applications/Firefox.app/Contents/MacOS/firefox-bin" "-marionette" "-foreground" "-no-remote" "-profile" "/var/folders/v4/8qqy170d15d1xh0_yw0vwll00000gp/T/rust_mozprofileOux0jN"
1627025212071	Marionette	INFO	Marionette enabled
console.warn: SearchSettings: "get: No settings file exists, new profile?" (new NotFoundError("Could not open the file at /var/folders/v4/8qqy170d15d1xh0_yw0vwll00000gp/T/rust_mozprofileOux0jN/search.json.mozlz4", (void 0)))
console.error: Region.jsm: "Error fetching region" (new TypeError("NetworkError when attempting to fetch resource.", ""))
console.error: Region.jsm: "Failed to fetch region" (new Error("NO_RESULT", "resource://gre/modules/Region.jsm", 419))
1627025213751	Marionette	INFO	Listening on port 63228
1627025213795	Marionette	WARN	TLS certificate errors will be ignored for this session
JavaScript error: resource://gre/modules/XULStore.jsm, line 66: Error: Can't find profile directory.
JavaScript error: resource://gre/modules/XULStore.jsm, line 66: Error: Can't find profile directory.
_RegisterApplication(), FAILED TO establish the default connection to the WindowServer, _CGSDefaultConnection() is NULL.
1627025225791	Marionette	INFO	Stopped listening on port 63228

###!!! [Parent][RunMessage] Error: Channel closing: too late to send/recv, messages will be lost

1627025227339	mozrunner::runner	INFO	Running command: "/Applications/Firefox.app/Contents/MacOS/firefox-bin" "-marionette" "-foreground" "-no-remote" "-profile" "/var/folders/v4/8qqy170d15d1xh0_yw0vwll00000gp/T/rust_mozprofileWAApDr"
1627025227789	Marionette	INFO	Marionette enabled
console.warn: SearchSettings: "get: No settings file exists, new profile?" (new NotFoundError("Could not open the file at /var/folders/v4/8qqy170d15d1xh0_yw0vwll00000gp/T/rust_mozprofileWAApDr/search.json.mozlz4", (void 0)))
console.error: Region.jsm: "Error fetching region" (new TypeError("NetworkError when attempting to fetch resource.", ""))
console.error: Region.jsm: "Failed to fetch region" (new Error("NO_RESULT", "resource://gre/modules/Region.jsm", 419))
1627025229600	Marionette	INFO	Listening on port 63471
1627025229619	Marionette	WARN	TLS certificate errors will be ignored for this session
_RegisterApplication(), FAILED TO establish the default connection to the WindowServer, _CGSDefaultConnection() is NULL.
1627025243116	Marionette	INFO	Stopped listening on port 63471
console.error: services.settings: 
  main/partitioning-exempt-urls Signature failed  TypeError: NetworkError when attempting to fetch resource.
console.error: services.settings: 
  main/message-groups Signature failed  TypeError: NetworkError when attempting to fetch resource.
JavaScript error: , line 0: AbortError: A request was aborted, for example through a call to IDBTransaction.abort.

###!!! [Parent][RunMessage] Error: Channel closing: too late to send/recv, messages will be lost

1627025244672	mozrunner::runner	INFO	Running command: "/Applications/Firefox.app/Contents/MacOS/firefox-bin" "-marionette" "-foreground" "-no-remote" "-profile" "/var/folders/v4/8qqy170d15d1xh0_yw0vwll00000gp/T/rust_mozprofileS7oosG"
1627025245149	Marionette	INFO	Marionette enabled
console.warn: SearchSettings: "get: No settings file exists, new profile?" (new NotFoundError("Could not open the file at /var/folders/v4/8qqy170d15d1xh0_yw0vwll00000gp/T/rust_mozprofileS7oosG/search.json.mozlz4", (void 0)))
console.error: Region.jsm: "Error fetching region" (new TypeError("NetworkError when attempting to fetch resource.", ""))
console.error: Region.jsm: "Failed to fetch region" (new Error("NO_RESULT", "resource://gre/modules/Region.jsm", 419))
1627025246821	Marionette	INFO	Listening on port 63742
1627025246867	Marionette	WARN	TLS certificate errors will be ignored for this session
_RegisterApplication(), FAILED TO establish the default connection to the WindowServer, _CGSDefaultConnection() is NULL.
JavaScript error: resource://gre/modules/XULStore.jsm, line 66: Error: Can't find profile directory.
JavaScript error: resource://gre/modules/XULStore.jsm, line 66: Error: Can't find profile directory.
1627025261346	Marionette	INFO	Stopped listening on port 63742

###!!! [Parent][RunMessage] Error: Channel closing: too late to send/recv, messages will be lost

1627025342782	mozrunner::runner	INFO	Running command: "/Applications/Firefox.app/Contents/MacOS/firefox-bin" "-marionette" "-foreground" "-no-remote" "-profile" "/var/folders/v4/8qqy170d15d1xh0_yw0vwll00000gp/T/rust_mozprofileBe3Amz"
1627025343260	Marionette	INFO	Marionette enabled
console.warn: SearchSettings: "get: No settings file exists, new profile?" (new NotFoundError("Could not open the file at /var/folders/v4/8qqy170d15d1xh0_yw0vwll00000gp/T/rust_mozprofileBe3Amz/search.json.mozlz4", (void 0)))
console.error: Region.jsm: "Error fetching region" (new TypeError("NetworkError when attempting to fetch resource.", ""))
console.error: Region.jsm: "Failed to fetch region" (new Error("NO_RESULT", "resource://gre/modules/Region.jsm", 419))
1627025344990	Marionette	INFO	Listening on port 64538
1627025345056	Marionette	WARN	TLS certificate errors will be ignored for this session
_RegisterApplication(), FAILED TO establish the default connection to the WindowServer, _CGSDefaultConnection() is NULL.
JavaScript error: resource://gre/modules/XULStore.jsm, line 66: Error: Can't find profile directory.
JavaScript error: resource://gre/modules/XULStore.jsm, line 66: Error: Can't find profile directory.
1627025359440	Marionette	INFO	Stopped listening on port 64538

###!!! [Parent][RunMessage] Error: Channel closing: too late to send/recv, messages will be lost

1627025360971	mozrunner::runner	INFO	Running command: "/Applications/Firefox.app/Contents/MacOS/firefox-bin" "-marionette" "-foreground" "-no-remote" "-profile" "/var/folders/v4/8qqy170d15d1xh0_yw0vwll00000gp/T/rust_mozprofileQsZASZ"
1627025361419	Marionette	INFO	Marionette enabled
console.warn: SearchSettings: "get: No settings file exists, new profile?" (new NotFoundError("Could not open the file at /var/folders/v4/8qqy170d15d1xh0_yw0vwll00000gp/T/rust_mozprofileQsZASZ/search.json.mozlz4", (void 0)))
console.error: Region.jsm: "Error fetching region" (new TypeError("NetworkError when attempting to fetch resource.", ""))
console.error: Region.jsm: "Failed to fetch region" (new Error("NO_RESULT", "resource://gre/modules/Region.jsm", 419))
1627025363191	Marionette	INFO	Listening on port 64864
1627025363255	Marionette	WARN	TLS certificate errors will be ignored for this session
_RegisterApplication(), FAILED TO establish the default connection to the WindowServer, _CGSDefaultConnection() is NULL.
JavaScript error: resource://gre/modules/XULStore.jsm, line 66: Error: Can't find profile directory.
JavaScript error: resource://gre/modules/XULStore.jsm, line 66: Error: Can't find profile directory.
1627025382319	Marionette	INFO	Stopped listening on port 64864

###!!! [Parent][RunMessage] Error: Channel closing: too late to send/recv, messages will be lost

1627025383854	mozrunner::runner	INFO	Running command: "/Applications/Firefox.app/Contents/MacOS/firefox-bin" "-marionette" "-foreground" "-no-remote" "-profile" "/var/folders/v4/8qqy170d15d1xh0_yw0vwll00000gp/T/rust_mozprofilepGrna0"
1627025384317	Marionette	INFO	Marionette enabled
console.warn: SearchSettings: "get: No settings file exists, new profile?" (new NotFoundError("Could not open the file at /var/folders/v4/8qqy170d15d1xh0_yw0vwll00000gp/T/rust_mozprofilepGrna0/search.json.mozlz4", (void 0)))
console.error: Region.jsm: "Error fetching region" (new TypeError("NetworkError when attempting to fetch resource.", ""))
console.error: Region.jsm: "Failed to fetch region" (new Error("NO_RESULT", "resource://gre/modules/Region.jsm", 419))
1627025386037	Marionette	INFO	Listening on port 65175
1627025386141	Marionette	WARN	TLS certificate errors will be ignored for this session
JavaScript error: resource://gre/modules/XULStore.jsm, line 66: Error: Can't find profile directory.
JavaScript error: resource://gre/modules/XULStore.jsm, line 66: Error: Can't find profile directory.
_RegisterApplication(), FAILED TO establish the default connection to the WindowServer, _CGSDefaultConnection() is NULL.
1627025397687	Marionette	INFO	Stopped listening on port 65175

###!!! [Parent][RunMessage] Error: Channel closing: too late to send/recv, messages will be lost

1627025399225	mozrunner::runner	INFO	Running command: "/Applications/Firefox.app/Contents/MacOS/firefox-bin" "-marionette" "-foreground" "-no-remote" "-profile" "/var/folders/v4/8qqy170d15d1xh0_yw0vwll00000gp/T/rust_mozprofile6ib0OT"
1627025399628	Marionette	INFO	Marionette enabled
console.warn: SearchSettings: "get: No settings file exists, new profile?" (new NotFoundError("Could not open the file at /var/folders/v4/8qqy170d15d1xh0_yw0vwll00000gp/T/rust_mozprofile6ib0OT/search.json.mozlz4", (void 0)))
console.error: Region.jsm: "Error fetching region" (new TypeError("NetworkError when attempting to fetch resource.", ""))
console.error: Region.jsm: "Failed to fetch region" (new Error("NO_RESULT", "resource://gre/modules/Region.jsm", 419))
1627025401352	Marionette	INFO	Listening on port 65402
1627025401403	Marionette	WARN	TLS certificate errors will be ignored for this session
JavaScript error: resource://gre/modules/XULStore.jsm, line 66: Error: Can't find profile directory.
JavaScript error: resource://gre/modules/XULStore.jsm, line 66: Error: Can't find profile directory.
_RegisterApplication(), FAILED TO establish the default connection to the WindowServer, _CGSDefaultConnection() is NULL.
1627025413694	Marionette	INFO	Stopped listening on port 65402

###!!! [Parent][RunMessage] Error: Channel closing: too late to send/recv, messages will be lost

1627025415241	mozrunner::runner	INFO	Running command: "/Applications/Firefox.app/Contents/MacOS/firefox-bin" "-marionette" "-foreground" "-no-remote" "-profile" "/var/folders/v4/8qqy170d15d1xh0_yw0vwll00000gp/T/rust_mozprofileIOGQE9"
1627025415700	Marionette	INFO	Marionette enabled
console.warn: SearchSettings: "get: No settings file exists, new profile?" (new NotFoundError("Could not open the file at /var/folders/v4/8qqy170d15d1xh0_yw0vwll00000gp/T/rust_mozprofileIOGQE9/search.json.mozlz4", (void 0)))
console.error: Region.jsm: "Error fetching region" (new TypeError("NetworkError when attempting to fetch resource.", ""))
console.error: Region.jsm: "Failed to fetch region" (new Error("NO_RESULT", "resource://gre/modules/Region.jsm", 419))
1627025417447	Marionette	INFO	Listening on port 49302
1627025417521	Marionette	WARN	TLS certificate errors will be ignored for this session
_RegisterApplication(), FAILED TO establish the default connection to the WindowServer, _CGSDefaultConnection() is NULL.
1627025431274	Marionette	INFO	Stopped listening on port 49302

###!!! [Parent][RunMessage] Error: Channel closing: too late to send/recv, messages will be lost

1627025432821	mozrunner::runner	INFO	Running command: "/Applications/Firefox.app/Contents/MacOS/firefox-bin" "-marionette" "-foreground" "-no-remote" "-profile" "/var/folders/v4/8qqy170d15d1xh0_yw0vwll00000gp/T/rust_mozprofile2XBhuB"
1627025433280	Marionette	INFO	Marionette enabled
console.warn: SearchSettings: "get: No settings file exists, new profile?" (new NotFoundError("Could not open the file at /var/folders/v4/8qqy170d15d1xh0_yw0vwll00000gp/T/rust_mozprofile2XBhuB/search.json.mozlz4", (void 0)))
console.error: Region.jsm: "Error fetching region" (new TypeError("NetworkError when attempting to fetch resource.", ""))
console.error: Region.jsm: "Failed to fetch region" (new Error("NO_RESULT", "resource://gre/modules/Region.jsm", 419))
1627025434954	Marionette	INFO	Listening on port 49562
1627025435010	Marionette	WARN	TLS certificate errors will be ignored for this session
_RegisterApplication(), FAILED TO establish the default connection to the WindowServer, _CGSDefaultConnection() is NULL.
JavaScript error: resource://gre/modules/XULStore.jsm, line 66: Error: Can't find profile directory.
JavaScript error: resource://gre/modules/XULStore.jsm, line 66: Error: Can't find profile directory.
1627025451662	Marionette	INFO	Stopped listening on port 49562

###!!! [Parent][RunMessage] Error: Channel closing: too late to send/recv, messages will be lost

1627028896190	mozrunner::runner	INFO	Running command: "/Applications/Firefox.app/Contents/MacOS/firefox-bin" "-marionette" "-foreground" "-no-remote" "-profile" "/var/folders/v4/8qqy170d15d1xh0_yw0vwll00000gp/T/rust_mozprofileLDrXf6"
1627028896657	Marionette	INFO	Marionette enabled
console.warn: SearchSettings: "get: No settings file exists, new profile?" (new NotFoundError("Could not open the file at /var/folders/v4/8qqy170d15d1xh0_yw0vwll00000gp/T/rust_mozprofileLDrXf6/search.json.mozlz4", (void 0)))
1627028898416	Marionette	INFO	Listening on port 58304
1627028898485	Marionette	WARN	TLS certificate errors will be ignored for this session
_RegisterApplication(), FAILED TO establish the default connection to the WindowServer, _CGSDefaultConnection() is NULL.
JavaScript error: resource://gre/modules/XULStore.jsm, line 66: Error: Can't find profile directory.
JavaScript error: resource://gre/modules/XULStore.jsm, line 66: Error: Can't find profile directory.
1627028913125	Marionette	INFO	Stopped listening on port 58304

###!!! [Parent][RunMessage] Error: Channel closing: too late to send/recv, messages will be lost

1627028914670	mozrunner::runner	INFO	Running command: "/Applications/Firefox.app/Contents/MacOS/firefox-bin" "-marionette" "-foreground" "-no-remote" "-profile" "/var/folders/v4/8qqy170d15d1xh0_yw0vwll00000gp/T/rust_mozprofileYeHVpK"
1627028915132	Marionette	INFO	Marionette enabled
console.warn: SearchSettings: "get: No settings file exists, new profile?" (new NotFoundError("Could not open the file at /var/folders/v4/8qqy170d15d1xh0_yw0vwll00000gp/T/rust_mozprofileYeHVpK/search.json.mozlz4", (void 0)))
console.error: Region.jsm: "Error fetching region" (new TypeError("NetworkError when attempting to fetch resource.", ""))
console.error: Region.jsm: "Failed to fetch region" (new Error("NO_RESULT", "resource://gre/modules/Region.jsm", 419))
1627028916870	Marionette	INFO	Listening on port 58549
1627028916953	Marionette	WARN	TLS certificate errors will be ignored for this session
_RegisterApplication(), FAILED TO establish the default connection to the WindowServer, _CGSDefaultConnection() is NULL.
JavaScript error: resource://gre/modules/XULStore.jsm, line 66: Error: Can't find profile directory.
JavaScript error: resource://gre/modules/XULStore.jsm, line 66: Error: Can't find profile directory.
1627028945640	Marionette	INFO	Stopped listening on port 58549

###!!! [Parent][RunMessage] Error: Channel closing: too late to send/recv, messages will be lost

1627028947181	mozrunner::runner	INFO	Running command: "/Applications/Firefox.app/Contents/MacOS/firefox-bin" "-marionette" "-foreground" "-no-remote" "-profile" "/var/folders/v4/8qqy170d15d1xh0_yw0vwll00000gp/T/rust_mozprofileFSmcgo"
1627028947647	Marionette	INFO	Marionette enabled
console.warn: SearchSettings: "get: No settings file exists, new profile?" (new NotFoundError("Could not open the file at /var/folders/v4/8qqy170d15d1xh0_yw0vwll00000gp/T/rust_mozprofileFSmcgo/search.json.mozlz4", (void 0)))
1627028949358	Marionette	INFO	Listening on port 58945
console.error: Region.jsm: "Error fetching region" (new TypeError("NetworkError when attempting to fetch resource.", ""))
console.error: Region.jsm: "Failed to fetch region" (new Error("NO_RESULT", "resource://gre/modules/Region.jsm", 419))
1627028949477	Marionette	WARN	TLS certificate errors will be ignored for this session
JavaScript error: resource://gre/modules/XULStore.jsm, line 66: Error: Can't find profile directory.
JavaScript error: resource://gre/modules/XULStore.jsm, line 66: Error: Can't find profile directory.
_RegisterApplication(), FAILED TO establish the default connection to the WindowServer, _CGSDefaultConnection() is NULL.
1627028960450	Marionette	INFO	Stopped listening on port 58945
1627028961999	mozrunner::runner	INFO	Running command: "/Applications/Firefox.app/Contents/MacOS/firefox-bin" "-marionette" "-foreground" "-no-remote" "-profile" "/var/folders/v4/8qqy170d15d1xh0_yw0vwll00000gp/T/rust_mozprofilePKP2Kl"
1627028962451	Marionette	INFO	Marionette enabled
console.warn: SearchSettings: "get: No settings file exists, new profile?" (new NotFoundError("Could not open the file at /var/folders/v4/8qqy170d15d1xh0_yw0vwll00000gp/T/rust_mozprofilePKP2Kl/search.json.mozlz4", (void 0)))
console.error: Region.jsm: "Error fetching region" (new TypeError("NetworkError when attempting to fetch resource.", ""))
console.error: Region.jsm: "Failed to fetch region" (new Error("NO_RESULT", "resource://gre/modules/Region.jsm", 419))
1627028964210	Marionette	INFO	Listening on port 59201
1627028964290	Marionette	WARN	TLS certificate errors will be ignored for this session
JavaScript error: resource://gre/modules/XULStore.jsm, line 66: Error: Can't find profile directory.
JavaScript error: resource://gre/modules/XULStore.jsm, line 66: Error: Can't find profile directory.
_RegisterApplication(), FAILED TO establish the default connection to the WindowServer, _CGSDefaultConnection() is NULL.
1627028976500	Marionette	INFO	Stopped listening on port 59201

###!!! [Parent][RunMessage] Error: Channel closing: too late to send/recv, messages will be lost

1627028978049	mozrunner::runner	INFO	Running command: "/Applications/Firefox.app/Contents/MacOS/firefox-bin" "-marionette" "-foreground" "-no-remote" "-profile" "/var/folders/v4/8qqy170d15d1xh0_yw0vwll00000gp/T/rust_mozprofile4OEYYY"
1627028978606	Marionette	INFO	Marionette enabled
console.warn: SearchSettings: "get: No settings file exists, new profile?" (new NotFoundError("Could not open the file at /var/folders/v4/8qqy170d15d1xh0_yw0vwll00000gp/T/rust_mozprofile4OEYYY/search.json.mozlz4", (void 0)))
1627028980205	Marionette	INFO	Listening on port 59444
console.error: Region.jsm: "Error fetching region" (new TypeError("NetworkError when attempting to fetch resource.", ""))
console.error: Region.jsm: "Failed to fetch region" (new Error("NO_RESULT", "resource://gre/modules/Region.jsm", 419))
1627028980229	Marionette	WARN	TLS certificate errors will be ignored for this session
_RegisterApplication(), FAILED TO establish the default connection to the WindowServer, _CGSDefaultConnection() is NULL.
1627028994107	Marionette	INFO	Stopped listening on port 59444

###!!! [Parent][RunMessage] Error: Channel closing: too late to send/recv, messages will be lost

1627028995645	mozrunner::runner	INFO	Running command: "/Applications/Firefox.app/Contents/MacOS/firefox-bin" "-marionette" "-foreground" "-no-remote" "-profile" "/var/folders/v4/8qqy170d15d1xh0_yw0vwll00000gp/T/rust_mozprofileO5iZ1z"
1627028996162	Marionette	INFO	Marionette enabled
console.warn: SearchSettings: "get: No settings file exists, new profile?" (new NotFoundError("Could not open the file at /var/folders/v4/8qqy170d15d1xh0_yw0vwll00000gp/T/rust_mozprofileO5iZ1z/search.json.mozlz4", (void 0)))
console.error: Region.jsm: "Error fetching region" (new TypeError("NetworkError when attempting to fetch resource.", ""))
console.error: Region.jsm: "Failed to fetch region" (new Error("NO_RESULT", "resource://gre/modules/Region.jsm", 419))
1627028997915	Marionette	INFO	Listening on port 59712
1627028997952	Marionette	WARN	TLS certificate errors will be ignored for this session
_RegisterApplication(), FAILED TO establish the default connection to the WindowServer, _CGSDefaultConnection() is NULL.
JavaScript error: resource://gre/modules/XULStore.jsm, line 66: Error: Can't find profile directory.
JavaScript error: resource://gre/modules/XULStore.jsm, line 66: Error: Can't find profile directory.
1627029012951	Marionette	INFO	Stopped listening on port 59712

###!!! [Parent][RunMessage] Error: Channel closing: too late to send/recv, messages will be lost

1627271148942	mozrunner::runner	INFO	Running command: "/Applications/Firefox.app/Contents/MacOS/firefox-bin" "-marionette" "-foreground" "-no-remote" "-profile" "/var/folders/v4/8qqy170d15d1xh0_yw0vwll00000gp/T/rust_mozprofileWxRdna"
1627271149535	Marionette	INFO	Marionette enabled
console.warn: SearchSettings: "get: No settings file exists, new profile?" (new NotFoundError("Could not open the file at /var/folders/v4/8qqy170d15d1xh0_yw0vwll00000gp/T/rust_mozprofileWxRdna/search.json.mozlz4", (void 0)))
1627271151603	Marionette	INFO	Listening on port 59995
1627271151651	Marionette	WARN	TLS certificate errors will be ignored for this session
_RegisterApplication(), FAILED TO establish the default connection to the WindowServer, _CGSDefaultConnection() is NULL.
JavaScript error: resource://gre/modules/XULStore.jsm, line 66: Error: Can't find profile directory.
JavaScript error: resource://gre/modules/XULStore.jsm, line 66: Error: Can't find profile directory.
1627271169920	Marionette	INFO	Stopped listening on port 59995
1627271171460	mozrunner::runner	INFO	Running command: "/Applications/Firefox.app/Contents/MacOS/firefox-bin" "-marionette" "-foreground" "-no-remote" "-profile" "/var/folders/v4/8qqy170d15d1xh0_yw0vwll00000gp/T/rust_mozprofilen0G8kE"
1627271171886	Marionette	INFO	Marionette enabled
console.warn: SearchSettings: "get: No settings file exists, new profile?" (new NotFoundError("Could not open the file at /var/folders/v4/8qqy170d15d1xh0_yw0vwll00000gp/T/rust_mozprofilen0G8kE/search.json.mozlz4", (void 0)))
console.error: Region.jsm: "Error fetching region" (new TypeError("NetworkError when attempting to fetch resource.", ""))
console.error: Region.jsm: "Failed to fetch region" (new Error("NO_RESULT", "resource://gre/modules/Region.jsm", 419))
1627271173639	Marionette	INFO	Listening on port 60303
1627271173742	Marionette	WARN	TLS certificate errors will be ignored for this session
_RegisterApplication(), FAILED TO establish the default connection to the WindowServer, _CGSDefaultConnection() is NULL.
JavaScript error: resource://gre/modules/XULStore.jsm, line 66: Error: Can't find profile directory.
JavaScript error: resource://gre/modules/XULStore.jsm, line 66: Error: Can't find profile directory.
1627271193238	Marionette	INFO	Stopped listening on port 60303

###!!! [Parent][RunMessage] Error: Channel closing: too late to send/recv, messages will be lost

1627271194763	mozrunner::runner	INFO	Running command: "/Applications/Firefox.app/Contents/MacOS/firefox-bin" "-marionette" "-foreground" "-no-remote" "-profile" "/var/folders/v4/8qqy170d15d1xh0_yw0vwll00000gp/T/rust_mozprofileAsZVmz"
1627271195167	Marionette	INFO	Marionette enabled
console.warn: SearchSettings: "get: No settings file exists, new profile?" (new NotFoundError("Could not open the file at /var/folders/v4/8qqy170d15d1xh0_yw0vwll00000gp/T/rust_mozprofileAsZVmz/search.json.mozlz4", (void 0)))
console.error: Region.jsm: "Error fetching region" (new TypeError("NetworkError when attempting to fetch resource.", ""))
console.error: Region.jsm: "Failed to fetch region" (new Error("NO_RESULT", "resource://gre/modules/Region.jsm", 419))
1627271196842	Marionette	INFO	Listening on port 60592
1627271196948	Marionette	WARN	TLS certificate errors will be ignored for this session
JavaScript error: resource://gre/modules/XULStore.jsm, line 66: Error: Can't find profile directory.
JavaScript error: resource://gre/modules/XULStore.jsm, line 66: Error: Can't find profile directory.
_RegisterApplication(), FAILED TO establish the default connection to the WindowServer, _CGSDefaultConnection() is NULL.
1627271209100	Marionette	INFO	Stopped listening on port 60592

###!!! [Parent][RunMessage] Error: Channel closing: too late to send/recv, messages will be lost

1627271210646	mozrunner::runner	INFO	Running command: "/Applications/Firefox.app/Contents/MacOS/firefox-bin" "-marionette" "-foreground" "-no-remote" "-profile" "/var/folders/v4/8qqy170d15d1xh0_yw0vwll00000gp/T/rust_mozprofilep6pY4m"
1627271211062	Marionette	INFO	Marionette enabled
console.warn: SearchSettings: "get: No settings file exists, new profile?" (new NotFoundError("Could not open the file at /var/folders/v4/8qqy170d15d1xh0_yw0vwll00000gp/T/rust_mozprofilep6pY4m/search.json.mozlz4", (void 0)))
console.error: Region.jsm: "Error fetching region" (new TypeError("NetworkError when attempting to fetch resource.", ""))
console.error: Region.jsm: "Failed to fetch region" (new Error("NO_RESULT", "resource://gre/modules/Region.jsm", 419))
1627271212857	Marionette	INFO	Listening on port 60843
1627271212949	Marionette	WARN	TLS certificate errors will be ignored for this session
JavaScript error: resource://gre/modules/XULStore.jsm, line 66: Error: Can't find profile directory.
JavaScript error: resource://gre/modules/XULStore.jsm, line 66: Error: Can't find profile directory.
_RegisterApplication(), FAILED TO establish the default connection to the WindowServer, _CGSDefaultConnection() is NULL.
1627271228067	Marionette	INFO	Stopped listening on port 60843

###!!! [Parent][RunMessage] Error: Channel closing: too late to send/recv, messages will be lost

1627271229619	mozrunner::runner	INFO	Running command: "/Applications/Firefox.app/Contents/MacOS/firefox-bin" "-marionette" "-foreground" "-no-remote" "-profile" "/var/folders/v4/8qqy170d15d1xh0_yw0vwll00000gp/T/rust_mozprofileN4xO0D"
1627271230033	Marionette	INFO	Marionette enabled
console.warn: SearchSettings: "get: No settings file exists, new profile?" (new NotFoundError("Could not open the file at /var/folders/v4/8qqy170d15d1xh0_yw0vwll00000gp/T/rust_mozprofileN4xO0D/search.json.mozlz4", (void 0)))
1627271231767	Marionette	INFO	Listening on port 61094
1627271231816	Marionette	WARN	TLS certificate errors will be ignored for this session
_RegisterApplication(), FAILED TO establish the default connection to the WindowServer, _CGSDefaultConnection() is NULL.
1627271244817	Marionette	INFO	Stopped listening on port 61094

###!!! [Parent][RunMessage] Error: Channel closing: too late to send/recv, messages will be lost

1627271246364	mozrunner::runner	INFO	Running command: "/Applications/Firefox.app/Contents/MacOS/firefox-bin" "-marionette" "-foreground" "-no-remote" "-profile" "/var/folders/v4/8qqy170d15d1xh0_yw0vwll00000gp/T/rust_mozprofile3VQaXA"
1627271246771	Marionette	INFO	Marionette enabled
console.warn: SearchSettings: "get: No settings file exists, new profile?" (new NotFoundError("Could not open the file at /var/folders/v4/8qqy170d15d1xh0_yw0vwll00000gp/T/rust_mozprofile3VQaXA/search.json.mozlz4", (void 0)))
console.error: Region.jsm: "Error fetching region" (new TypeError("NetworkError when attempting to fetch resource.", ""))
console.error: Region.jsm: "Failed to fetch region" (new Error("NO_RESULT", "resource://gre/modules/Region.jsm", 419))
1627271248526	Marionette	INFO	Listening on port 61355
1627271248563	Marionette	WARN	TLS certificate errors will be ignored for this session
_RegisterApplication(), FAILED TO establish the default connection to the WindowServer, _CGSDefaultConnection() is NULL.
JavaScript error: resource://gre/modules/XULStore.jsm, line 66: Error: Can't find profile directory.
JavaScript error: resource://gre/modules/XULStore.jsm, line 66: Error: Can't find profile directory.
1627271266421	Marionette	INFO	Stopped listening on port 61355

###!!! [Parent][RunMessage] Error: Channel closing: too late to send/recv, messages will be lost

1627271917808	mozrunner::runner	INFO	Running command: "/Applications/Firefox.app/Contents/MacOS/firefox-bin" "-marionette" "-headless" "-foreground" "-no-remote" "-profile" "/var/folders/v4/8qqy170d15d1xh0_yw0vwll00000gp/T/rust_mozprofileBq0V3C"
*** You are running in headless mode.
1627271918296	Marionette	INFO	Marionette enabled
console.warn: SearchSettings: "get: No settings file exists, new profile?" (new NotFoundError("Could not open the file at /var/folders/v4/8qqy170d15d1xh0_yw0vwll00000gp/T/rust_mozprofileBq0V3C/search.json.mozlz4", (void 0)))
1627271919656	Marionette	INFO	Listening on port 65344
1627271919701	Marionette	WARN	TLS certificate errors will be ignored for this session
JavaScript warning: https://dlswbr.baidu.com/heicha/mw/abclite-2063-s.js, line 1: Failed to create WebGL context: WebGL creation failed: 
* Can't use WebGL in headless mode (https://bugzil.la/1375585). ()
JavaScript warning: https://dlswbr.baidu.com/heicha/mw/abclite-2063-s.js, line 1: Failed to create WebGL context: WebGL creation failed: 
* Can't use WebGL in headless mode (https://bugzil.la/1375585). ()
JavaScript warning: https://dlswbr.baidu.com/heicha/mw/abclite-2063-s.js, line 1: Failed to create WebGL context: WebGL creation failed: 
* Can't use WebGL in headless mode (https://bugzil.la/1375585). ()
JavaScript warning: https://dlswbr.baidu.com/heicha/mw/abclite-2063-s.js, line 1: Failed to create WebGL context: WebGL creation failed: 
* Can't use WebGL in headless mode (https://bugzil.la/1375585). ()
_RegisterApplication(), FAILED TO establish the default connection to the WindowServer, _CGSDefaultConnection() is NULL.
JavaScript error: resource://gre/modules/XULStore.jsm, line 66: Error: Can't find profile directory.
JavaScript error: resource://gre/modules/XULStore.jsm, line 66: Error: Can't find profile directory.
JavaScript warning: https://dlswbr.baidu.com/heicha/mw/abclite-2063-s.js, line 1: Failed to create WebGL context: WebGL creation failed: 
* Can't use WebGL in headless mode (https://bugzil.la/1375585). ()
JavaScript warning: https://dlswbr.baidu.com/heicha/mw/abclite-2063-s.js, line 1: Failed to create WebGL context: WebGL creation failed: 
* Can't use WebGL in headless mode (https://bugzil.la/1375585). ()
JavaScript warning: https://dlswbr.baidu.com/heicha/mw/abclite-2063-s.js, line 1: Failed to create WebGL context: WebGL creation failed: 
* Can't use WebGL in headless mode (https://bugzil.la/1375585). ()
JavaScript warning: https://dlswbr.baidu.com/heicha/mw/abclite-2063-s.js, line 1: Failed to create WebGL context: WebGL creation failed: 
* Can't use WebGL in headless mode (https://bugzil.la/1375585). ()
1627271936313	Marionette	INFO	Stopped listening on port 65344
1627271937812	mozrunner::runner	INFO	Running command: "/Applications/Firefox.app/Contents/MacOS/firefox-bin" "-marionette" "-headless" "-foreground" "-no-remote" "-profile" "/var/folders/v4/8qqy170d15d1xh0_yw0vwll00000gp/T/rust_mozprofileqBX1N9"
*** You are running in headless mode.
1627271938272	Marionette	INFO	Marionette enabled
console.warn: SearchSettings: "get: No settings file exists, new profile?" (new NotFoundError("Could not open the file at /var/folders/v4/8qqy170d15d1xh0_yw0vwll00000gp/T/rust_mozprofileqBX1N9/search.json.mozlz4", (void 0)))
console.error: Region.jsm: "Error fetching region" (new TypeError("NetworkError when attempting to fetch resource.", ""))
console.error: Region.jsm: "Failed to fetch region" (new Error("NO_RESULT", "resource://gre/modules/Region.jsm", 419))
1627271939604	Marionette	INFO	Listening on port 49218
1627271939687	Marionette	WARN	TLS certificate errors will be ignored for this session
JavaScript warning: https://dlswbr.baidu.com/heicha/mw/abclite-2063-s.js, line 1: Failed to create WebGL context: WebGL creation failed: 
* Can't use WebGL in headless mode (https://bugzil.la/1375585). ()
JavaScript warning: https://dlswbr.baidu.com/heicha/mw/abclite-2063-s.js, line 1: Failed to create WebGL context: WebGL creation failed: 
* Can't use WebGL in headless mode (https://bugzil.la/1375585). ()
JavaScript warning: https://dlswbr.baidu.com/heicha/mw/abclite-2063-s.js, line 1: Failed to create WebGL context: WebGL creation failed: 
* Can't use WebGL in headless mode (https://bugzil.la/1375585). ()
JavaScript warning: https://dlswbr.baidu.com/heicha/mw/abclite-2063-s.js, line 1: Failed to create WebGL context: WebGL creation failed: 
* Can't use WebGL in headless mode (https://bugzil.la/1375585). ()
_RegisterApplication(), FAILED TO establish the default connection to the WindowServer, _CGSDefaultConnection() is NULL.
JavaScript error: resource://gre/modules/XULStore.jsm, line 66: Error: Can't find profile directory.
JavaScript error: resource://gre/modules/XULStore.jsm, line 66: Error: Can't find profile directory.
JavaScript warning: https://dlswbr.baidu.com/heicha/mw/abclite-2063-s.js, line 1: Failed to create WebGL context: WebGL creation failed: 
* Can't use WebGL in headless mode (https://bugzil.la/1375585). ()
JavaScript warning: https://dlswbr.baidu.com/heicha/mw/abclite-2063-s.js, line 1: Failed to create WebGL context: WebGL creation failed: 
* Can't use WebGL in headless mode (https://bugzil.la/1375585). ()
JavaScript warning: https://dlswbr.baidu.com/heicha/mw/abclite-2063-s.js, line 1: Failed to create WebGL context: WebGL creation failed: 
* Can't use WebGL in headless mode (https://bugzil.la/1375585). ()
JavaScript warning: https://dlswbr.baidu.com/heicha/mw/abclite-2063-s.js, line 1: Failed to create WebGL context: WebGL creation failed: 
* Can't use WebGL in headless mode (https://bugzil.la/1375585). ()
JavaScript warning: https://dlswbr.baidu.com/heicha/mw/abclite-2063-s.js, line 1: Failed to create WebGL context: WebGL creation failed: 
* Can't use WebGL in headless mode (https://bugzil.la/1375585). ()
JavaScript warning: https://dlswbr.baidu.com/heicha/mw/abclite-2063-s.js, line 1: Failed to create WebGL context: WebGL creation failed: 
* Can't use WebGL in headless mode (https://bugzil.la/1375585). ()
JavaScript warning: https://dlswbr.baidu.com/heicha/mw/abclite-2063-s.js, line 1: Failed to create WebGL context: WebGL creation failed: 
* Can't use WebGL in headless mode (https://bugzil.la/1375585). ()
JavaScript warning: https://dlswbr.baidu.com/heicha/mw/abclite-2063-s.js, line 1: Failed to create WebGL context: WebGL creation failed: 
* Can't use WebGL in headless mode (https://bugzil.la/1375585). ()
1627271963188	Marionette	INFO	Stopped listening on port 49218
1627271964677	mozrunner::runner	INFO	Running command: "/Applications/Firefox.app/Contents/MacOS/firefox-bin" "-marionette" "-headless" "-foreground" "-no-remote" "-profile" "/var/folders/v4/8qqy170d15d1xh0_yw0vwll00000gp/T/rust_mozprofilehn2Tj9"
*** You are running in headless mode.
1627271965134	Marionette	INFO	Marionette enabled
console.warn: SearchSettings: "get: No settings file exists, new profile?" (new NotFoundError("Could not open the file at /var/folders/v4/8qqy170d15d1xh0_yw0vwll00000gp/T/rust_mozprofilehn2Tj9/search.json.mozlz4", (void 0)))
console.error: Region.jsm: "Error fetching region" (new TypeError("NetworkError when attempting to fetch resource.", ""))
console.error: Region.jsm: "Failed to fetch region" (new Error("NO_RESULT", "resource://gre/modules/Region.jsm", 419))
1627271966505	Marionette	INFO	Listening on port 49533
1627271966557	Marionette	WARN	TLS certificate errors will be ignored for this session
JavaScript error: resource://gre/modules/XULStore.jsm, line 66: Error: Can't find profile directory.
JavaScript error: resource://gre/modules/XULStore.jsm, line 66: Error: Can't find profile directory.
JavaScript warning: https://dlswbr.baidu.com/heicha/mw/abclite-2063-s.js, line 1: Failed to create WebGL context: WebGL creation failed: 
* Can't use WebGL in headless mode (https://bugzil.la/1375585). ()
JavaScript warning: https://dlswbr.baidu.com/heicha/mw/abclite-2063-s.js, line 1: Failed to create WebGL context: WebGL creation failed: 
* Can't use WebGL in headless mode (https://bugzil.la/1375585). ()
JavaScript warning: https://dlswbr.baidu.com/heicha/mw/abclite-2063-s.js, line 1: Failed to create WebGL context: WebGL creation failed: 
* Can't use WebGL in headless mode (https://bugzil.la/1375585). ()
JavaScript warning: https://dlswbr.baidu.com/heicha/mw/abclite-2063-s.js, line 1: Failed to create WebGL context: WebGL creation failed: 
* Can't use WebGL in headless mode (https://bugzil.la/1375585). ()
_RegisterApplication(), FAILED TO establish the default connection to the WindowServer, _CGSDefaultConnection() is NULL.
1627271979340	Marionette	INFO	Stopped listening on port 49533
1627271980841	mozrunner::runner	INFO	Running command: "/Applications/Firefox.app/Contents/MacOS/firefox-bin" "-marionette" "-headless" "-foreground" "-no-remote" "-profile" "/var/folders/v4/8qqy170d15d1xh0_yw0vwll00000gp/T/rust_mozprofile710h5z"
*** You are running in headless mode.
1627271981278	Marionette	INFO	Marionette enabled
console.warn: SearchSettings: "get: No settings file exists, new profile?" (new NotFoundError("Could not open the file at /var/folders/v4/8qqy170d15d1xh0_yw0vwll00000gp/T/rust_mozprofile710h5z/search.json.mozlz4", (void 0)))
console.error: Region.jsm: "Error fetching region" (new TypeError("NetworkError when attempting to fetch resource.", ""))
console.error: Region.jsm: "Failed to fetch region" (new Error("NO_RESULT", "resource://gre/modules/Region.jsm", 419))
1627271982742	Marionette	INFO	Listening on port 49769
1627271982818	Marionette	WARN	TLS certificate errors will be ignored for this session
JavaScript error: resource://gre/modules/XULStore.jsm, line 66: Error: Can't find profile directory.
JavaScript error: resource://gre/modules/XULStore.jsm, line 66: Error: Can't find profile directory.
JavaScript warning: https://dlswbr.baidu.com/heicha/mw/abclite-2063-s.js, line 1: Failed to create WebGL context: WebGL creation failed: 
* Can't use WebGL in headless mode (https://bugzil.la/1375585). ()
JavaScript warning: https://dlswbr.baidu.com/heicha/mw/abclite-2063-s.js, line 1: Failed to create WebGL context: WebGL creation failed: 
* Can't use WebGL in headless mode (https://bugzil.la/1375585). ()
JavaScript warning: https://dlswbr.baidu.com/heicha/mw/abclite-2063-s.js, line 1: Failed to create WebGL context: WebGL creation failed: 
* Can't use WebGL in headless mode (https://bugzil.la/1375585). ()
JavaScript warning: https://dlswbr.baidu.com/heicha/mw/abclite-2063-s.js, line 1: Failed to create WebGL context: WebGL creation failed: 
* Can't use WebGL in headless mode (https://bugzil.la/1375585). ()
_RegisterApplication(), FAILED TO establish the default connection to the WindowServer, _CGSDefaultConnection() is NULL.
1627271995530	Marionette	INFO	Stopped listening on port 49769
1627271997033	mozrunner::runner	INFO	Running command: "/Applications/Firefox.app/Contents/MacOS/firefox-bin" "-marionette" "-headless" "-foreground" "-no-remote" "-profile" "/var/folders/v4/8qqy170d15d1xh0_yw0vwll00000gp/T/rust_mozprofileuw70yQ"
*** You are running in headless mode.
1627271997465	Marionette	INFO	Marionette enabled
console.warn: SearchSettings: "get: No settings file exists, new profile?" (new NotFoundError("Could not open the file at /var/folders/v4/8qqy170d15d1xh0_yw0vwll00000gp/T/rust_mozprofileuw70yQ/search.json.mozlz4", (void 0)))
1627271998768	Marionette	INFO	Listening on port 50039
1627271998814	Marionette	WARN	TLS certificate errors will be ignored for this session
JavaScript warning: https://dlswbr.baidu.com/heicha/mw/abclite-2063-s.js, line 1: Failed to create WebGL context: WebGL creation failed: 
* Can't use WebGL in headless mode (https://bugzil.la/1375585). ()
JavaScript warning: https://dlswbr.baidu.com/heicha/mw/abclite-2063-s.js, line 1: Failed to create WebGL context: WebGL creation failed: 
* Can't use WebGL in headless mode (https://bugzil.la/1375585). ()
JavaScript warning: https://dlswbr.baidu.com/heicha/mw/abclite-2063-s.js, line 1: Failed to create WebGL context: WebGL creation failed: 
* Can't use WebGL in headless mode (https://bugzil.la/1375585). ()
JavaScript warning: https://dlswbr.baidu.com/heicha/mw/abclite-2063-s.js, line 1: Failed to create WebGL context: WebGL creation failed: 
* Can't use WebGL in headless mode (https://bugzil.la/1375585). ()
_RegisterApplication(), FAILED TO establish the default connection to the WindowServer, _CGSDefaultConnection() is NULL.
JavaScript warning: https://dlswbr.baidu.com/heicha/mw/abclite-2063-s.js, line 1: Failed to create WebGL context: WebGL creation failed: 
* Can't use WebGL in headless mode (https://bugzil.la/1375585). ()
JavaScript warning: https://dlswbr.baidu.com/heicha/mw/abclite-2063-s.js, line 1: Failed to create WebGL context: WebGL creation failed: 
* Can't use WebGL in headless mode (https://bugzil.la/1375585). ()
JavaScript warning: https://dlswbr.baidu.com/heicha/mw/abclite-2063-s.js, line 1: Failed to create WebGL context: WebGL creation failed: 
* Can't use WebGL in headless mode (https://bugzil.la/1375585). ()
JavaScript warning: https://dlswbr.baidu.com/heicha/mw/abclite-2063-s.js, line 1: Failed to create WebGL context: WebGL creation failed: 
* Can't use WebGL in headless mode (https://bugzil.la/1375585). ()
1627272085710	Marionette	INFO	Stopped listening on port 50039
1627272087208	mozrunner::runner	INFO	Running command: "/Applications/Firefox.app/Contents/MacOS/firefox-bin" "-marionette" "-headless" "-foreground" "-no-remote" "-profile" "/var/folders/v4/8qqy170d15d1xh0_yw0vwll00000gp/T/rust_mozprofile2twB6y"
*** You are running in headless mode.
1627272087661	Marionette	INFO	Marionette enabled
console.warn: SearchSettings: "get: No settings file exists, new profile?" (new NotFoundError("Could not open the file at /var/folders/v4/8qqy170d15d1xh0_yw0vwll00000gp/T/rust_mozprofile2twB6y/search.json.mozlz4", (void 0)))
console.error: Region.jsm: "Error fetching region" (new TypeError("NetworkError when attempting to fetch resource.", ""))
console.error: Region.jsm: "Failed to fetch region" (new Error("NO_RESULT", "resource://gre/modules/Region.jsm", 419))
1627272089004	Marionette	INFO	Listening on port 50319
1627272089101	Marionette	WARN	TLS certificate errors will be ignored for this session
JavaScript warning: https://dlswbr.baidu.com/heicha/mw/abclite-2063-s.js, line 1: Failed to create WebGL context: WebGL creation failed: 
* Can't use WebGL in headless mode (https://bugzil.la/1375585). ()
JavaScript warning: https://dlswbr.baidu.com/heicha/mw/abclite-2063-s.js, line 1: Failed to create WebGL context: WebGL creation failed: 
* Can't use WebGL in headless mode (https://bugzil.la/1375585). ()
JavaScript warning: https://dlswbr.baidu.com/heicha/mw/abclite-2063-s.js, line 1: Failed to create WebGL context: WebGL creation failed: 
* Can't use WebGL in headless mode (https://bugzil.la/1375585). ()
JavaScript warning: https://dlswbr.baidu.com/heicha/mw/abclite-2063-s.js, line 1: Failed to create WebGL context: WebGL creation failed: 
* Can't use WebGL in headless mode (https://bugzil.la/1375585). ()
_RegisterApplication(), FAILED TO establish the default connection to the WindowServer, _CGSDefaultConnection() is NULL.
JavaScript error: resource://gre/modules/XULStore.jsm, line 66: Error: Can't find profile directory.
JavaScript error: resource://gre/modules/XULStore.jsm, line 66: Error: Can't find profile directory.
JavaScript warning: https://dlswbr.baidu.com/heicha/mw/abclite-2063-s.js, line 1: Failed to create WebGL context: WebGL creation failed: 
* Can't use WebGL in headless mode (https://bugzil.la/1375585). ()
JavaScript warning: https://dlswbr.baidu.com/heicha/mw/abclite-2063-s.js, line 1: Failed to create WebGL context: WebGL creation failed: 
* Can't use WebGL in headless mode (https://bugzil.la/1375585). ()
JavaScript warning: https://dlswbr.baidu.com/heicha/mw/abclite-2063-s.js, line 1: Failed to create WebGL context: WebGL creation failed: 
* Can't use WebGL in headless mode (https://bugzil.la/1375585). ()
JavaScript warning: https://dlswbr.baidu.com/heicha/mw/abclite-2063-s.js, line 1: Failed to create WebGL context: WebGL creation failed: 
* Can't use WebGL in headless mode (https://bugzil.la/1375585). ()
JavaScript warning: https://dlswbr.baidu.com/heicha/mw/abclite-2063-s.js, line 1: Failed to create WebGL context: WebGL creation failed: 
* Can't use WebGL in headless mode (https://bugzil.la/1375585). ()
JavaScript warning: https://dlswbr.baidu.com/heicha/mw/abclite-2063-s.js, line 1: Failed to create WebGL context: WebGL creation failed: 
* Can't use WebGL in headless mode (https://bugzil.la/1375585). ()
JavaScript warning: https://dlswbr.baidu.com/heicha/mw/abclite-2063-s.js, line 1: Failed to create WebGL context: WebGL creation failed: 
* Can't use WebGL in headless mode (https://bugzil.la/1375585). ()
JavaScript warning: https://dlswbr.baidu.com/heicha/mw/abclite-2063-s.js, line 1: Failed to create WebGL context: WebGL creation failed: 
* Can't use WebGL in headless mode (https://bugzil.la/1375585). ()
1627272107228	Marionette	INFO	Stopped listening on port 50319
